# project ns (3.29) configured on Mon Sep 27 23:07:56 2021 by
# waf 2.0.9 (abi 20, python 30602f0 on linux)
# using ./waf configure
#
----------------------------------------
Setting top to
/home/patricia/Workspace/NIR/ns-allinone-3.29/ns-3.29
----------------------------------------
Setting out to
/home/patricia/Workspace/NIR/ns-allinone-3.29/ns-3.29/build
----------------------------------------
Checking for 'gcc' (C compiler)
find program=['gcc', 'cc'] paths=['/home/patricia/anaconda3/bin', '/opt/anaconda/bin', '/home/patricia/.local/bin', '/usr/local/bin', '/usr/bin', '/bin', '/usr/local/sbin', '/usr/lib/jvm/default/bin', '/usr/bin/site_perl', '/usr/bin/vendor_perl', '/usr/bin/core_perl', '/var/lib/snapd/snap/bin'] var='CC' -> ['/usr/bin/gcc']
['/usr/bin/gcc', '-dM', '-E', '-']
out: #define __SSP_STRONG__ 3
#define __DBL_MIN_EXP__ (-1021)
#define __UINT_LEAST16_MAX__ 0xffff
#define __ATOMIC_ACQUIRE 2
#define __FLT128_MAX_10_EXP__ 4932
#define __FLT_MIN__ 1.17549435082228750796873653722224568e-38F
#define __GCC_IEC_559_COMPLEX 2
#define __UINT_LEAST8_TYPE__ unsigned char
#define __SIZEOF_FLOAT80__ 16
#define __INTMAX_C(c) c ## L
#define __CHAR_BIT__ 8
#define __UINT8_MAX__ 0xff
#define __SCHAR_WIDTH__ 8
#define __WINT_MAX__ 0xffffffffU
#define __FLT32_MIN_EXP__ (-125)
#define __ORDER_LITTLE_ENDIAN__ 1234
#define __SIZE_MAX__ 0xffffffffffffffffUL
#define __WCHAR_MAX__ 0x7fffffff
#define __GCC_HAVE_SYNC_COMPARE_AND_SWAP_1 1
#define __GCC_HAVE_SYNC_COMPARE_AND_SWAP_2 1
#define __GCC_HAVE_SYNC_COMPARE_AND_SWAP_4 1
#define __DBL_DENORM_MIN__ ((double)4.94065645841246544176568792868221372e-324L)
#define __GCC_HAVE_SYNC_COMPARE_AND_SWAP_8 1
#define __GCC_ATOMIC_CHAR_LOCK_FREE 2
#define __GCC_IEC_559 2
#define __FLT32X_DECIMAL_DIG__ 17
#define __FLT_EVAL_METHOD__ 0
#define __FLT64_DECIMAL_DIG__ 17
#define __GCC_ATOMIC_CHAR32_T_LOCK_FREE 2
#define __UINT_FAST64_MAX__ 0xffffffffffffffffUL
#define __SIG_ATOMIC_TYPE__ int
#define __DBL_MIN_10_EXP__ (-307)
#define __FINITE_MATH_ONLY__ 0
#define __FLT32X_MAX_EXP__ 1024
#define __FLT32_HAS_DENORM__ 1
#define __UINT_FAST8_MAX__ 0xff
#define __FLT32_MAX_10_EXP__ 38
#define __DEC64_MAX_EXP__ 385
#define __INT8_C(c) c
#define __INT_LEAST8_WIDTH__ 8
#define __UINT_LEAST64_MAX__ 0xffffffffffffffffUL
#define __SHRT_MAX__ 0x7fff
#define __LDBL_MAX__ 1.18973149535723176502126385303097021e+4932L
#define __FLT64X_MAX_10_EXP__ 4932
#define __LDBL_IS_IEC_60559__ 2
#define __FLT64X_HAS_QUIET_NAN__ 1
#define __UINT_LEAST8_MAX__ 0xff
#define __GCC_ATOMIC_BOOL_LOCK_FREE 2
#define __FLT128_DENORM_MIN__ 6.47517511943802511092443895822764655e-4966F128
#define __UINTMAX_TYPE__ long unsigned int
#define __linux 1
#define __DEC32_EPSILON__ 1E-6DF
#define __FLT_EVAL_METHOD_TS_18661_3__ 0
#define __unix 1
#define __UINT32_MAX__ 0xffffffffU
#define __FLT128_MIN_EXP__ (-16381)
#define __WINT_MIN__ 0U
#define __FLT128_MIN_10_EXP__ (-4931)
#define __FLT32X_IS_IEC_60559__ 2
#define __INT_LEAST16_WIDTH__ 16
#define __SCHAR_MAX__ 0x7f
#define __FLT128_MANT_DIG__ 113
#define __WCHAR_MIN__ (-__WCHAR_MAX__ - 1)
#define __INT64_C(c) c ## L
#define __GCC_ATOMIC_POINTER_LOCK_FREE 2
#define __FLT32X_MANT_DIG__ 53
#define __USER_LABEL_PREFIX__ 
#define __FLT64X_EPSILON__ 1.08420217248550443400745280086994171e-19F64x
#define __STDC_HOSTED__ 1
#define __DEC64_MIN_EXP__ (-382)
#define __DBL_DIG__ 15
#define __FLT32_DIG__ 6
#define __FLT_EPSILON__ 1.19209289550781250000000000000000000e-7F
#define __SHRT_WIDTH__ 16
#define __FLT32_IS_IEC_60559__ 2
#define __LDBL_MIN__ 3.36210314311209350626267781732175260e-4932L
#define __STDC_UTF_16__ 1
#define __DBL_IS_IEC_60559__ 2
#define __DEC32_MAX__ 9.999999E96DF
#define __FLT64X_DENORM_MIN__ 3.64519953188247460252840593361941982e-4951F64x
#define __FLT32X_HAS_INFINITY__ 1
#define __INT32_MAX__ 0x7fffffff
#define __unix__ 1
#define __INT_WIDTH__ 32
#define __SIZEOF_LONG__ 8
#define __STDC_IEC_559__ 1
#define __STDC_ISO_10646__ 201706L
#define __UINT16_C(c) c
#define __DECIMAL_DIG__ 21
#define __STDC_IEC_559_COMPLEX__ 1
#define __FLT64_EPSILON__ 2.22044604925031308084726333618164062e-16F64
#define __gnu_linux__ 1
#define __FLT128_IS_IEC_60559__ 2
#define __FLT64X_MIN_10_EXP__ (-4931)
#define __LDBL_HAS_QUIET_NAN__ 1
#define __FLT64_MANT_DIG__ 53
#define __FLT64X_MANT_DIG__ 64
#define __GNUC__ 11
#define __pie__ 2
#define __MMX__ 1
#define __FLT_HAS_DENORM__ 1
#define __SIZEOF_LONG_DOUBLE__ 16
#define __BIGGEST_ALIGNMENT__ 16
#define __FLT64_MAX_10_EXP__ 308
#define __DBL_MAX__ ((double)1.79769313486231570814527423731704357e+308L)
#define __INT_FAST32_MAX__ 0x7fffffffffffffffL
#define __DBL_HAS_INFINITY__ 1
#define __SIZEOF_FLOAT__ 4
#define __HAVE_SPECULATION_SAFE_VALUE 1
#define __DEC32_MIN_EXP__ (-94)
#define __INTPTR_WIDTH__ 64
#define __FLT64X_HAS_INFINITY__ 1
#define __UINT_LEAST32_MAX__ 0xffffffffU
#define __FLT32X_HAS_DENORM__ 1
#define __INT_FAST16_TYPE__ long int
#define __MMX_WITH_SSE__ 1
#define __LDBL_HAS_DENORM__ 1
#define __FLT128_HAS_INFINITY__ 1
#define __DEC32_MIN__ 1E-95DF
#define __DBL_MAX_EXP__ 1024
#define __WCHAR_WIDTH__ 32
#define __FLT32_MAX__ 3.40282346638528859811704183484516925e+38F32
#define __DEC128_EPSILON__ 1E-33DL
#define __SSE2_MATH__ 1
#define __ATOMIC_HLE_RELEASE 131072
#define __PTRDIFF_MAX__ 0x7fffffffffffffffL
#define __amd64 1
#define __ATOMIC_HLE_ACQUIRE 65536
#define __LONG_LONG_MAX__ 0x7fffffffffffffffLL
#define __SIZEOF_SIZE_T__ 8
#define __FLT64X_MIN_EXP__ (-16381)
#define __SIZEOF_WINT_T__ 4
#define __LONG_LONG_WIDTH__ 64
#define __FLT32_MAX_EXP__ 128
#define __GXX_ABI_VERSION 1016
#define __FLT_MIN_EXP__ (-125)
#define __GCC_HAVE_DWARF2_CFI_ASM 1
#define __INT16_MAX__ 0x7fff
#define __x86_64 1
#define __INT_FAST64_TYPE__ long int
#define __FLT64_DENORM_MIN__ 4.94065645841246544176568792868221372e-324F64
#define __DBL_MIN__ ((double)2.22507385850720138309023271733240406e-308L)
#define __FLT128_EPSILON__ 1.92592994438723585305597794258492732e-34F128
#define __FLT64X_NORM_MAX__ 1.18973149535723176502126385303097021e+4932F64x
#define __SIZEOF_POINTER__ 8
#define __LP64__ 1
#define __DBL_HAS_QUIET_NAN__ 1
#define __FLT32X_EPSILON__ 2.22044604925031308084726333618164062e-16F32x
#define __DECIMAL_BID_FORMAT__ 1
#define __FLT64_MIN_EXP__ (-1021)
#define __FLT64_MIN_10_EXP__ (-307)
#define __FLT64X_DECIMAL_DIG__ 21
#define __DEC128_MIN__ 1E-6143DL
#define __REGISTER_PREFIX__ 
#define __UINT16_MAX__ 0xffff
#define __DBL_HAS_DENORM__ 1
#define __LDBL_HAS_INFINITY__ 1
#define __FLT32_MIN__ 1.17549435082228750796873653722224568e-38F32
#define __UINT8_TYPE__ unsigned char
#define __FLT_DIG__ 6
#define __NO_INLINE__ 1
#define __DEC_EVAL_METHOD__ 2
#define __DEC128_MAX__ 9.999999999999999999999999999999999E6144DL
#define __FLT_MANT_DIG__ 24
#define __LDBL_DECIMAL_DIG__ 21
#define __VERSION__ "11.1.0"
#define __UINT64_C(c) c ## UL
#define _STDC_PREDEF_H 1
#define __INT_LEAST32_MAX__ 0x7fffffff
#define __GCC_ATOMIC_INT_LOCK_FREE 2
#define __FLT128_MAX_EXP__ 16384
#define __FLT32_MANT_DIG__ 24
#define __FLOAT_WORD_ORDER__ __ORDER_LITTLE_ENDIAN__
#define __FLT128_HAS_DENORM__ 1
#define __FLT32_DECIMAL_DIG__ 9
#define __FLT128_DIG__ 33
#define __INT32_C(c) c
#define __DEC64_EPSILON__ 1E-15DD
#define __ORDER_PDP_ENDIAN__ 3412
#define __DEC128_MIN_EXP__ (-6142)
#define __INT_FAST32_TYPE__ long int
#define __UINT_LEAST16_TYPE__ short unsigned int
#define unix 1
#define __SIZE_TYPE__ long unsigned int
#define __UINT64_MAX__ 0xffffffffffffffffUL
#define __FLT_IS_IEC_60559__ 2
#define __GNUC_WIDE_EXECUTION_CHARSET_NAME "UTF-32LE"
#define __FLT64X_DIG__ 18
#define __INT8_TYPE__ signed char
#define __ELF__ 1
#define __GCC_ASM_FLAG_OUTPUTS__ 1
#define __UINT32_TYPE__ unsigned int
#define __FLT_RADIX__ 2
#define __INT_LEAST16_TYPE__ short int
#define __LDBL_EPSILON__ 1.08420217248550443400745280086994171e-19L
#define __UINTMAX_C(c) c ## UL
#define __SSE_MATH__ 1
#define __k8 1
#define __FLT32X_MIN__ 2.22507385850720138309023271733240406e-308F32x
#define __SIG_ATOMIC_MAX__ 0x7fffffff
#define __GCC_ATOMIC_WCHAR_T_LOCK_FREE 2
#define __SIZEOF_PTRDIFF_T__ 8
#define __LDBL_DIG__ 18
#define __FLT64_IS_IEC_60559__ 2
#define __x86_64__ 1
#define __FLT32X_MIN_EXP__ (-1021)
#define __DEC32_SUBNORMAL_MIN__ 0.000001E-95DF
#define __INT_FAST16_MAX__ 0x7fffffffffffffffL
#define __FLT64_DIG__ 15
#define __UINT_FAST32_MAX__ 0xffffffffffffffffUL
#define __UINT_LEAST64_TYPE__ long unsigned int
#define __FLT_HAS_QUIET_NAN__ 1
#define __FLT_MAX_10_EXP__ 38
#define __LONG_MAX__ 0x7fffffffffffffffL
#define __FLT64X_HAS_DENORM__ 1
#define __DEC128_SUBNORMAL_MIN__ 0.000000000000000000000000000000001E-6143DL
#define __FLT_HAS_INFINITY__ 1
#define __GNUC_EXECUTION_CHARSET_NAME "UTF-8"
#define __UINT_FAST16_TYPE__ long unsigned int
#define __DEC64_MAX__ 9.999999999999999E384DD
#define __INT_FAST32_WIDTH__ 64
#define __CHAR16_TYPE__ short unsigned int
#define __PRAGMA_REDEFINE_EXTNAME 1
#define __SIZE_WIDTH__ 64
#define __SEG_FS 1
#define __INT_LEAST16_MAX__ 0x7fff
#define __DEC64_MANT_DIG__ 16
#define __INT64_MAX__ 0x7fffffffffffffffL
#define __SEG_GS 1
#define __FLT32_DENORM_MIN__ 1.40129846432481707092372958328991613e-45F32
#define __SIG_ATOMIC_WIDTH__ 32
#define __INT_LEAST64_TYPE__ long int
#define __INT16_TYPE__ short int
#define __INT_LEAST8_TYPE__ signed char
#define __STDC_VERSION__ 201710L
#define __SIZEOF_INT__ 4
#define __DEC32_MAX_EXP__ 97
#define __INT_FAST8_MAX__ 0x7f
#define __FLT128_MAX__ 1.18973149535723176508575932662800702e+4932F128
#define __INTPTR_MAX__ 0x7fffffffffffffffL
#define linux 1
#define __FLT64_HAS_QUIET_NAN__ 1
#define __FLT32_MIN_10_EXP__ (-37)
#define __FLT32X_DIG__ 15
#define __PTRDIFF_WIDTH__ 64
#define __LDBL_MANT_DIG__ 64
#define __FLT64_HAS_INFINITY__ 1
#define __FLT64X_MAX__ 1.18973149535723176502126385303097021e+4932F64x
#define __SIG_ATOMIC_MIN__ (-__SIG_ATOMIC_MAX__ - 1)
#define __code_model_small__ 1
#define __GCC_ATOMIC_LONG_LOCK_FREE 2
#define __DEC32_MANT_DIG__ 7
#define __k8__ 1
#define __INTPTR_TYPE__ long int
#define __UINT16_TYPE__ short unsigned int
#define __WCHAR_TYPE__ int
#define __pic__ 2
#define __UINTPTR_MAX__ 0xffffffffffffffffUL
#define __INT_FAST64_WIDTH__ 64
#define __INT_FAST64_MAX__ 0x7fffffffffffffffL
#define __GCC_ATOMIC_TEST_AND_SET_TRUEVAL 1
#define __FLT_NORM_MAX__ 3.40282346638528859811704183484516925e+38F
#define __FLT32_HAS_INFINITY__ 1
#define __FLT64X_MAX_EXP__ 16384
#define __UINT_FAST64_TYPE__ long unsigned int
#define __INT_MAX__ 0x7fffffff
#define __linux__ 1
#define __INT64_TYPE__ long int
#define __FLT_MAX_EXP__ 128
#define __ORDER_BIG_ENDIAN__ 4321
#define __DBL_MANT_DIG__ 53
#define __SIZEOF_FLOAT128__ 16
#define __INT_LEAST64_MAX__ 0x7fffffffffffffffL
#define __GCC_ATOMIC_CHAR16_T_LOCK_FREE 2
#define __DEC64_MIN__ 1E-383DD
#define __WINT_TYPE__ unsigned int
#define __UINT_LEAST32_TYPE__ unsigned int
#define __SIZEOF_SHORT__ 2
#define __FLT32_NORM_MAX__ 3.40282346638528859811704183484516925e+38F32
#define __SSE__ 1
#define __LDBL_MIN_EXP__ (-16381)
#define __FLT64_MAX__ 1.79769313486231570814527423731704357e+308F64
#define __amd64__ 1
#define __WINT_WIDTH__ 32
#define __INT_LEAST8_MAX__ 0x7f
#define __INT_LEAST64_WIDTH__ 64
#define __LDBL_MAX_EXP__ 16384
#define __FLT32X_MAX_10_EXP__ 308
#define __SIZEOF_INT128__ 16
#define __FLT64X_IS_IEC_60559__ 2
#define __LDBL_MAX_10_EXP__ 4932
#define __ATOMIC_RELAXED 0
#define __DBL_EPSILON__ ((double)2.22044604925031308084726333618164062e-16L)
#define __FLT128_MIN__ 3.36210314311209350626267781732175260e-4932F128
#define _LP64 1
#define __UINT8_C(c) c
#define __FLT64_MAX_EXP__ 1024
#define __INT_LEAST32_TYPE__ int
#define __SIZEOF_WCHAR_T__ 4
#define __UINT64_TYPE__ long unsigned int
#define __GNUC_PATCHLEVEL__ 0
#define __FLT128_NORM_MAX__ 1.18973149535723176508575932662800702e+4932F128
#define __FLT64_NORM_MAX__ 1.79769313486231570814527423731704357e+308F64
#define __FLT128_HAS_QUIET_NAN__ 1
#define __INTMAX_MAX__ 0x7fffffffffffffffL
#define __INT_FAST8_TYPE__ signed char
#define __FLT64X_MIN__ 3.36210314311209350626267781732175260e-4932F64x
#define __GNUC_STDC_INLINE__ 1
#define __FLT64_HAS_DENORM__ 1
#define __FLT32_EPSILON__ 1.19209289550781250000000000000000000e-7F32
#define __DBL_DECIMAL_DIG__ 17
#define __STDC_UTF_32__ 1
#define __INT_FAST8_WIDTH__ 8
#define __FXSR__ 1
#define __FLT32X_MAX__ 1.79769313486231570814527423731704357e+308F32x
#define __DBL_NORM_MAX__ ((double)1.79769313486231570814527423731704357e+308L)
#define __BYTE_ORDER__ __ORDER_LITTLE_ENDIAN__
#define __INTMAX_WIDTH__ 64
#define __UINT32_C(c) c ## U
#define __FLT_DENORM_MIN__ 1.40129846432481707092372958328991613e-45F
#define __INT8_MAX__ 0x7f
#define __LONG_WIDTH__ 64
#define __PIC__ 2
#define __UINT_FAST32_TYPE__ long unsigned int
#define __FLT32X_NORM_MAX__ 1.79769313486231570814527423731704357e+308F32x
#define __CHAR32_TYPE__ unsigned int
#define __FLT_MAX__ 3.40282346638528859811704183484516925e+38F
#define __SSE2__ 1
#define __INT32_TYPE__ int
#define __SIZEOF_DOUBLE__ 8
#define __FLT_MIN_10_EXP__ (-37)
#define __FLT64_MIN__ 2.22507385850720138309023271733240406e-308F64
#define __INT_LEAST32_WIDTH__ 32
#define __INTMAX_TYPE__ long int
#define __DEC128_MAX_EXP__ 6145
#define __FLT32X_HAS_QUIET_NAN__ 1
#define __ATOMIC_CONSUME 1
#define __GNUC_MINOR__ 1
#define __INT_FAST16_WIDTH__ 64
#define __UINTMAX_MAX__ 0xffffffffffffffffUL
#define __PIE__ 2
#define __FLT32X_DENORM_MIN__ 4.94065645841246544176568792868221372e-324F32x
#define __DBL_MAX_10_EXP__ 308
#define __LDBL_DENORM_MIN__ 3.64519953188247460252840593361941982e-4951L
#define __INT16_C(c) c
#define __STDC__ 1
#define __PTRDIFF_TYPE__ long int
#define __ATOMIC_SEQ_CST 5
#define __FLT32X_MIN_10_EXP__ (-307)
#define __UINTPTR_TYPE__ long unsigned int
#define __DEC64_SUBNORMAL_MIN__ 0.000000000000001E-383DD
#define __DEC128_MANT_DIG__ 34
#define __LDBL_MIN_10_EXP__ (-4931)
#define __SIZEOF_LONG_LONG__ 8
#define __FLT128_DECIMAL_DIG__ 36
#define __GCC_ATOMIC_LLONG_LOCK_FREE 2
#define __FLT32_HAS_QUIET_NAN__ 1
#define __FLT_DECIMAL_DIG__ 9
#define __UINT_FAST16_MAX__ 0xffffffffffffffffUL
#define __LDBL_NORM_MAX__ 1.18973149535723176502126385303097021e+4932L
#define __GCC_ATOMIC_SHORT_LOCK_FREE 2
#define __UINT_FAST8_TYPE__ unsigned char
#define __ATOMIC_ACQ_REL 4
#define __ATOMIC_RELEASE 3

find program=['ar'] paths=['/home/patricia/anaconda3/bin', '/opt/anaconda/bin', '/home/patricia/.local/bin', '/usr/local/bin', '/usr/bin', '/bin', '/usr/local/sbin', '/usr/lib/jvm/default/bin', '/usr/bin/site_perl', '/usr/bin/vendor_perl', '/usr/bin/core_perl', '/var/lib/snapd/snap/bin'] var='AR' -> ['/usr/bin/ar']
/usr/bin/gcc
----------------------------------------
Checking for cc version
11.1.0
----------------------------------------
Checking for 'g++' (C++ compiler)
find program=['g++', 'c++'] paths=['/home/patricia/anaconda3/bin', '/opt/anaconda/bin', '/home/patricia/.local/bin', '/usr/local/bin', '/usr/bin', '/bin', '/usr/local/sbin', '/usr/lib/jvm/default/bin', '/usr/bin/site_perl', '/usr/bin/vendor_perl', '/usr/bin/core_perl', '/var/lib/snapd/snap/bin'] var='CXX' -> ['/usr/bin/g++']
['/usr/bin/g++', '-dM', '-E', '-']
out: #define __SSP_STRONG__ 3
#define __DBL_MIN_EXP__ (-1021)
#define __UINT_LEAST16_MAX__ 0xffff
#define __ATOMIC_ACQUIRE 2
#define __FLT128_MAX_10_EXP__ 4932
#define __FLT_MIN__ 1.17549435082228750796873653722224568e-38F
#define __GCC_IEC_559_COMPLEX 2
#define __UINT_LEAST8_TYPE__ unsigned char
#define __SIZEOF_FLOAT80__ 16
#define __INTMAX_C(c) c ## L
#define __CHAR_BIT__ 8
#define __UINT8_MAX__ 0xff
#define __SCHAR_WIDTH__ 8
#define __WINT_MAX__ 0xffffffffU
#define __FLT32_MIN_EXP__ (-125)
#define __ORDER_LITTLE_ENDIAN__ 1234
#define __SIZE_MAX__ 0xffffffffffffffffUL
#define __WCHAR_MAX__ 0x7fffffff
#define __GCC_HAVE_SYNC_COMPARE_AND_SWAP_1 1
#define __GCC_HAVE_SYNC_COMPARE_AND_SWAP_2 1
#define __GCC_HAVE_SYNC_COMPARE_AND_SWAP_4 1
#define __DBL_DENORM_MIN__ ((double)4.94065645841246544176568792868221372e-324L)
#define __GCC_HAVE_SYNC_COMPARE_AND_SWAP_8 1
#define __GCC_ATOMIC_CHAR_LOCK_FREE 2
#define __GCC_IEC_559 2
#define __FLT32X_DECIMAL_DIG__ 17
#define __FLT_EVAL_METHOD__ 0
#define __FLT64_DECIMAL_DIG__ 17
#define __GCC_ATOMIC_CHAR32_T_LOCK_FREE 2
#define __UINT_FAST64_MAX__ 0xffffffffffffffffUL
#define __SIG_ATOMIC_TYPE__ int
#define __DBL_MIN_10_EXP__ (-307)
#define __FINITE_MATH_ONLY__ 0
#define __FLT32X_MAX_EXP__ 1024
#define __FLT32_HAS_DENORM__ 1
#define __UINT_FAST8_MAX__ 0xff
#define __FLT32_MAX_10_EXP__ 38
#define __DEC64_MAX_EXP__ 385
#define __INT8_C(c) c
#define __INT_LEAST8_WIDTH__ 8
#define __UINT_LEAST64_MAX__ 0xffffffffffffffffUL
#define __SHRT_MAX__ 0x7fff
#define __LDBL_MAX__ 1.18973149535723176502126385303097021e+4932L
#define __FLT64X_MAX_10_EXP__ 4932
#define __LDBL_IS_IEC_60559__ 2
#define __FLT64X_HAS_QUIET_NAN__ 1
#define __UINT_LEAST8_MAX__ 0xff
#define __GCC_ATOMIC_BOOL_LOCK_FREE 2
#define __FLT128_DENORM_MIN__ 6.47517511943802511092443895822764655e-4966F128
#define __UINTMAX_TYPE__ long unsigned int
#define __linux 1
#define __DEC32_EPSILON__ 1E-6DF
#define __FLT_EVAL_METHOD_TS_18661_3__ 0
#define __unix 1
#define __UINT32_MAX__ 0xffffffffU
#define __FLT128_MIN_EXP__ (-16381)
#define __WINT_MIN__ 0U
#define __FLT128_MIN_10_EXP__ (-4931)
#define __FLT32X_IS_IEC_60559__ 2
#define __INT_LEAST16_WIDTH__ 16
#define __SCHAR_MAX__ 0x7f
#define __FLT128_MANT_DIG__ 113
#define __WCHAR_MIN__ (-__WCHAR_MAX__ - 1)
#define __INT64_C(c) c ## L
#define __GCC_ATOMIC_POINTER_LOCK_FREE 2
#define __FLT32X_MANT_DIG__ 53
#define __USER_LABEL_PREFIX__ 
#define __FLT64X_EPSILON__ 1.08420217248550443400745280086994171e-19F64x
#define __STDC_HOSTED__ 1
#define __DEC64_MIN_EXP__ (-382)
#define __DBL_DIG__ 15
#define __FLT32_DIG__ 6
#define __FLT_EPSILON__ 1.19209289550781250000000000000000000e-7F
#define __SHRT_WIDTH__ 16
#define __FLT32_IS_IEC_60559__ 2
#define __LDBL_MIN__ 3.36210314311209350626267781732175260e-4932L
#define __STDC_UTF_16__ 1
#define __DBL_IS_IEC_60559__ 2
#define __DEC32_MAX__ 9.999999E96DF
#define __FLT64X_DENORM_MIN__ 3.64519953188247460252840593361941982e-4951F64x
#define __FLT32X_HAS_INFINITY__ 1
#define __INT32_MAX__ 0x7fffffff
#define __unix__ 1
#define __INT_WIDTH__ 32
#define __SIZEOF_LONG__ 8
#define __STDC_IEC_559__ 1
#define __STDC_ISO_10646__ 201706L
#define __UINT16_C(c) c
#define __DECIMAL_DIG__ 21
#define __STDC_IEC_559_COMPLEX__ 1
#define __FLT64_EPSILON__ 2.22044604925031308084726333618164062e-16F64
#define __gnu_linux__ 1
#define __FLT128_IS_IEC_60559__ 2
#define __FLT64X_MIN_10_EXP__ (-4931)
#define __LDBL_HAS_QUIET_NAN__ 1
#define __FLT64_MANT_DIG__ 53
#define __FLT64X_MANT_DIG__ 64
#define __GNUC__ 11
#define __pie__ 2
#define __MMX__ 1
#define __FLT_HAS_DENORM__ 1
#define __SIZEOF_LONG_DOUBLE__ 16
#define __BIGGEST_ALIGNMENT__ 16
#define __FLT64_MAX_10_EXP__ 308
#define __DBL_MAX__ ((double)1.79769313486231570814527423731704357e+308L)
#define __INT_FAST32_MAX__ 0x7fffffffffffffffL
#define __DBL_HAS_INFINITY__ 1
#define __SIZEOF_FLOAT__ 4
#define __HAVE_SPECULATION_SAFE_VALUE 1
#define __DEC32_MIN_EXP__ (-94)
#define __INTPTR_WIDTH__ 64
#define __FLT64X_HAS_INFINITY__ 1
#define __UINT_LEAST32_MAX__ 0xffffffffU
#define __FLT32X_HAS_DENORM__ 1
#define __INT_FAST16_TYPE__ long int
#define __MMX_WITH_SSE__ 1
#define __LDBL_HAS_DENORM__ 1
#define __FLT128_HAS_INFINITY__ 1
#define __DEC32_MIN__ 1E-95DF
#define __DBL_MAX_EXP__ 1024
#define __WCHAR_WIDTH__ 32
#define __FLT32_MAX__ 3.40282346638528859811704183484516925e+38F32
#define __DEC128_EPSILON__ 1E-33DL
#define __SSE2_MATH__ 1
#define __ATOMIC_HLE_RELEASE 131072
#define __PTRDIFF_MAX__ 0x7fffffffffffffffL
#define __amd64 1
#define __ATOMIC_HLE_ACQUIRE 65536
#define __LONG_LONG_MAX__ 0x7fffffffffffffffLL
#define __SIZEOF_SIZE_T__ 8
#define __FLT64X_MIN_EXP__ (-16381)
#define __SIZEOF_WINT_T__ 4
#define __LONG_LONG_WIDTH__ 64
#define __FLT32_MAX_EXP__ 128
#define __GXX_ABI_VERSION 1016
#define __FLT_MIN_EXP__ (-125)
#define __GCC_HAVE_DWARF2_CFI_ASM 1
#define __INT16_MAX__ 0x7fff
#define __x86_64 1
#define __INT_FAST64_TYPE__ long int
#define __FLT64_DENORM_MIN__ 4.94065645841246544176568792868221372e-324F64
#define __DBL_MIN__ ((double)2.22507385850720138309023271733240406e-308L)
#define __FLT128_EPSILON__ 1.92592994438723585305597794258492732e-34F128
#define __FLT64X_NORM_MAX__ 1.18973149535723176502126385303097021e+4932F64x
#define __SIZEOF_POINTER__ 8
#define __LP64__ 1
#define __DBL_HAS_QUIET_NAN__ 1
#define __FLT32X_EPSILON__ 2.22044604925031308084726333618164062e-16F32x
#define __DECIMAL_BID_FORMAT__ 1
#define __FLT64_MIN_EXP__ (-1021)
#define __FLT64_MIN_10_EXP__ (-307)
#define __FLT64X_DECIMAL_DIG__ 21
#define __DEC128_MIN__ 1E-6143DL
#define __REGISTER_PREFIX__ 
#define __UINT16_MAX__ 0xffff
#define __DBL_HAS_DENORM__ 1
#define __LDBL_HAS_INFINITY__ 1
#define __FLT32_MIN__ 1.17549435082228750796873653722224568e-38F32
#define __UINT8_TYPE__ unsigned char
#define __FLT_DIG__ 6
#define __NO_INLINE__ 1
#define __DEC_EVAL_METHOD__ 2
#define __DEC128_MAX__ 9.999999999999999999999999999999999E6144DL
#define __FLT_MANT_DIG__ 24
#define __LDBL_DECIMAL_DIG__ 21
#define __VERSION__ "11.1.0"
#define __UINT64_C(c) c ## UL
#define _STDC_PREDEF_H 1
#define __INT_LEAST32_MAX__ 0x7fffffff
#define __GCC_ATOMIC_INT_LOCK_FREE 2
#define __FLT128_MAX_EXP__ 16384
#define __FLT32_MANT_DIG__ 24
#define __FLOAT_WORD_ORDER__ __ORDER_LITTLE_ENDIAN__
#define __FLT128_HAS_DENORM__ 1
#define __FLT32_DECIMAL_DIG__ 9
#define __FLT128_DIG__ 33
#define __INT32_C(c) c
#define __DEC64_EPSILON__ 1E-15DD
#define __ORDER_PDP_ENDIAN__ 3412
#define __DEC128_MIN_EXP__ (-6142)
#define __INT_FAST32_TYPE__ long int
#define __UINT_LEAST16_TYPE__ short unsigned int
#define unix 1
#define __SIZE_TYPE__ long unsigned int
#define __UINT64_MAX__ 0xffffffffffffffffUL
#define __FLT_IS_IEC_60559__ 2
#define __GNUC_WIDE_EXECUTION_CHARSET_NAME "UTF-32LE"
#define __FLT64X_DIG__ 18
#define __INT8_TYPE__ signed char
#define __ELF__ 1
#define __GCC_ASM_FLAG_OUTPUTS__ 1
#define __UINT32_TYPE__ unsigned int
#define __FLT_RADIX__ 2
#define __INT_LEAST16_TYPE__ short int
#define __LDBL_EPSILON__ 1.08420217248550443400745280086994171e-19L
#define __UINTMAX_C(c) c ## UL
#define __SSE_MATH__ 1
#define __k8 1
#define __FLT32X_MIN__ 2.22507385850720138309023271733240406e-308F32x
#define __SIG_ATOMIC_MAX__ 0x7fffffff
#define __GCC_ATOMIC_WCHAR_T_LOCK_FREE 2
#define __SIZEOF_PTRDIFF_T__ 8
#define __LDBL_DIG__ 18
#define __FLT64_IS_IEC_60559__ 2
#define __x86_64__ 1
#define __FLT32X_MIN_EXP__ (-1021)
#define __DEC32_SUBNORMAL_MIN__ 0.000001E-95DF
#define __INT_FAST16_MAX__ 0x7fffffffffffffffL
#define __FLT64_DIG__ 15
#define __UINT_FAST32_MAX__ 0xffffffffffffffffUL
#define __UINT_LEAST64_TYPE__ long unsigned int
#define __FLT_HAS_QUIET_NAN__ 1
#define __FLT_MAX_10_EXP__ 38
#define __LONG_MAX__ 0x7fffffffffffffffL
#define __FLT64X_HAS_DENORM__ 1
#define __DEC128_SUBNORMAL_MIN__ 0.000000000000000000000000000000001E-6143DL
#define __FLT_HAS_INFINITY__ 1
#define __GNUC_EXECUTION_CHARSET_NAME "UTF-8"
#define __UINT_FAST16_TYPE__ long unsigned int
#define __DEC64_MAX__ 9.999999999999999E384DD
#define __INT_FAST32_WIDTH__ 64
#define __CHAR16_TYPE__ short unsigned int
#define __PRAGMA_REDEFINE_EXTNAME 1
#define __SIZE_WIDTH__ 64
#define __SEG_FS 1
#define __INT_LEAST16_MAX__ 0x7fff
#define __DEC64_MANT_DIG__ 16
#define __INT64_MAX__ 0x7fffffffffffffffL
#define __SEG_GS 1
#define __FLT32_DENORM_MIN__ 1.40129846432481707092372958328991613e-45F32
#define __SIG_ATOMIC_WIDTH__ 32
#define __INT_LEAST64_TYPE__ long int
#define __INT16_TYPE__ short int
#define __INT_LEAST8_TYPE__ signed char
#define __STDC_VERSION__ 201710L
#define __SIZEOF_INT__ 4
#define __DEC32_MAX_EXP__ 97
#define __INT_FAST8_MAX__ 0x7f
#define __FLT128_MAX__ 1.18973149535723176508575932662800702e+4932F128
#define __INTPTR_MAX__ 0x7fffffffffffffffL
#define linux 1
#define __FLT64_HAS_QUIET_NAN__ 1
#define __FLT32_MIN_10_EXP__ (-37)
#define __FLT32X_DIG__ 15
#define __PTRDIFF_WIDTH__ 64
#define __LDBL_MANT_DIG__ 64
#define __FLT64_HAS_INFINITY__ 1
#define __FLT64X_MAX__ 1.18973149535723176502126385303097021e+4932F64x
#define __SIG_ATOMIC_MIN__ (-__SIG_ATOMIC_MAX__ - 1)
#define __code_model_small__ 1
#define __GCC_ATOMIC_LONG_LOCK_FREE 2
#define __DEC32_MANT_DIG__ 7
#define __k8__ 1
#define __INTPTR_TYPE__ long int
#define __UINT16_TYPE__ short unsigned int
#define __WCHAR_TYPE__ int
#define __pic__ 2
#define __UINTPTR_MAX__ 0xffffffffffffffffUL
#define __INT_FAST64_WIDTH__ 64
#define __INT_FAST64_MAX__ 0x7fffffffffffffffL
#define __GCC_ATOMIC_TEST_AND_SET_TRUEVAL 1
#define __FLT_NORM_MAX__ 3.40282346638528859811704183484516925e+38F
#define __FLT32_HAS_INFINITY__ 1
#define __FLT64X_MAX_EXP__ 16384
#define __UINT_FAST64_TYPE__ long unsigned int
#define __INT_MAX__ 0x7fffffff
#define __linux__ 1
#define __INT64_TYPE__ long int
#define __FLT_MAX_EXP__ 128
#define __ORDER_BIG_ENDIAN__ 4321
#define __DBL_MANT_DIG__ 53
#define __SIZEOF_FLOAT128__ 16
#define __INT_LEAST64_MAX__ 0x7fffffffffffffffL
#define __GCC_ATOMIC_CHAR16_T_LOCK_FREE 2
#define __DEC64_MIN__ 1E-383DD
#define __WINT_TYPE__ unsigned int
#define __UINT_LEAST32_TYPE__ unsigned int
#define __SIZEOF_SHORT__ 2
#define __FLT32_NORM_MAX__ 3.40282346638528859811704183484516925e+38F32
#define __SSE__ 1
#define __LDBL_MIN_EXP__ (-16381)
#define __FLT64_MAX__ 1.79769313486231570814527423731704357e+308F64
#define __amd64__ 1
#define __WINT_WIDTH__ 32
#define __INT_LEAST8_MAX__ 0x7f
#define __INT_LEAST64_WIDTH__ 64
#define __LDBL_MAX_EXP__ 16384
#define __FLT32X_MAX_10_EXP__ 308
#define __SIZEOF_INT128__ 16
#define __FLT64X_IS_IEC_60559__ 2
#define __LDBL_MAX_10_EXP__ 4932
#define __ATOMIC_RELAXED 0
#define __DBL_EPSILON__ ((double)2.22044604925031308084726333618164062e-16L)
#define __FLT128_MIN__ 3.36210314311209350626267781732175260e-4932F128
#define _LP64 1
#define __UINT8_C(c) c
#define __FLT64_MAX_EXP__ 1024
#define __INT_LEAST32_TYPE__ int
#define __SIZEOF_WCHAR_T__ 4
#define __UINT64_TYPE__ long unsigned int
#define __GNUC_PATCHLEVEL__ 0
#define __FLT128_NORM_MAX__ 1.18973149535723176508575932662800702e+4932F128
#define __FLT64_NORM_MAX__ 1.79769313486231570814527423731704357e+308F64
#define __FLT128_HAS_QUIET_NAN__ 1
#define __INTMAX_MAX__ 0x7fffffffffffffffL
#define __INT_FAST8_TYPE__ signed char
#define __FLT64X_MIN__ 3.36210314311209350626267781732175260e-4932F64x
#define __GNUC_STDC_INLINE__ 1
#define __FLT64_HAS_DENORM__ 1
#define __FLT32_EPSILON__ 1.19209289550781250000000000000000000e-7F32
#define __DBL_DECIMAL_DIG__ 17
#define __STDC_UTF_32__ 1
#define __INT_FAST8_WIDTH__ 8
#define __FXSR__ 1
#define __FLT32X_MAX__ 1.79769313486231570814527423731704357e+308F32x
#define __DBL_NORM_MAX__ ((double)1.79769313486231570814527423731704357e+308L)
#define __BYTE_ORDER__ __ORDER_LITTLE_ENDIAN__
#define __INTMAX_WIDTH__ 64
#define __UINT32_C(c) c ## U
#define __FLT_DENORM_MIN__ 1.40129846432481707092372958328991613e-45F
#define __INT8_MAX__ 0x7f
#define __LONG_WIDTH__ 64
#define __PIC__ 2
#define __UINT_FAST32_TYPE__ long unsigned int
#define __FLT32X_NORM_MAX__ 1.79769313486231570814527423731704357e+308F32x
#define __CHAR32_TYPE__ unsigned int
#define __FLT_MAX__ 3.40282346638528859811704183484516925e+38F
#define __SSE2__ 1
#define __INT32_TYPE__ int
#define __SIZEOF_DOUBLE__ 8
#define __FLT_MIN_10_EXP__ (-37)
#define __FLT64_MIN__ 2.22507385850720138309023271733240406e-308F64
#define __INT_LEAST32_WIDTH__ 32
#define __INTMAX_TYPE__ long int
#define __DEC128_MAX_EXP__ 6145
#define __FLT32X_HAS_QUIET_NAN__ 1
#define __ATOMIC_CONSUME 1
#define __GNUC_MINOR__ 1
#define __INT_FAST16_WIDTH__ 64
#define __UINTMAX_MAX__ 0xffffffffffffffffUL
#define __PIE__ 2
#define __FLT32X_DENORM_MIN__ 4.94065645841246544176568792868221372e-324F32x
#define __DBL_MAX_10_EXP__ 308
#define __LDBL_DENORM_MIN__ 3.64519953188247460252840593361941982e-4951L
#define __INT16_C(c) c
#define __STDC__ 1
#define __PTRDIFF_TYPE__ long int
#define __ATOMIC_SEQ_CST 5
#define __FLT32X_MIN_10_EXP__ (-307)
#define __UINTPTR_TYPE__ long unsigned int
#define __DEC64_SUBNORMAL_MIN__ 0.000000000000001E-383DD
#define __DEC128_MANT_DIG__ 34
#define __LDBL_MIN_10_EXP__ (-4931)
#define __SIZEOF_LONG_LONG__ 8
#define __FLT128_DECIMAL_DIG__ 36
#define __GCC_ATOMIC_LLONG_LOCK_FREE 2
#define __FLT32_HAS_QUIET_NAN__ 1
#define __FLT_DECIMAL_DIG__ 9
#define __UINT_FAST16_MAX__ 0xffffffffffffffffUL
#define __LDBL_NORM_MAX__ 1.18973149535723176502126385303097021e+4932L
#define __GCC_ATOMIC_SHORT_LOCK_FREE 2
#define __UINT_FAST8_TYPE__ unsigned char
#define __ATOMIC_ACQ_REL 4
#define __ATOMIC_RELEASE 3

find program=['ar'] paths=['/home/patricia/anaconda3/bin', '/opt/anaconda/bin', '/home/patricia/.local/bin', '/usr/local/bin', '/usr/bin', '/bin', '/usr/local/sbin', '/usr/lib/jvm/default/bin', '/usr/bin/site_perl', '/usr/bin/vendor_perl', '/usr/bin/core_perl', '/var/lib/snapd/snap/bin'] var='AR' -> ['/usr/bin/ar']
/usr/bin/g++
------------------------------------------------------
Checking for compilation flag -Wl,--soname=foo support
==>
int main() { return 0; }
<==
[1/1] Compiling [32mbuild/.conf_check_78c47059e3c196ba01ac2d97b399acc1/test.cpp[0m

['/usr/bin/g++', '-O0', '-ggdb', '-g3', '-Wall', '-Werror', '-Wl,--soname=foo', '-DNS3_BUILD_PROFILE_DEBUG', '-DNS3_ASSERT_ENABLE', '-DNS3_LOG_ENABLE', '../test.cpp', '-c', '-o/home/patricia/Workspace/NIR/ns-allinone-3.29/ns-3.29/build/.conf_check_78c47059e3c196ba01ac2d97b399acc1/testbuild/test.cpp.1.o']
ok
------------------------------------------------------
Checking for compilation flag -std=c++11 support
==>
int main() { return 0; }
<==
[1/1] Compiling [32mbuild/.conf_check_78c47059e3c196ba01ac2d97b399acc1/test.cpp[0m

['/usr/bin/g++', '-O0', '-ggdb', '-g3', '-Wall', '-Werror', '-std=c++11', '-DNS3_BUILD_PROFILE_DEBUG', '-DNS3_ASSERT_ENABLE', '-DNS3_LOG_ENABLE', '../test.cpp', '-c', '-o/home/patricia/Workspace/NIR/ns-allinone-3.29/ns-3.29/build/.conf_check_78c47059e3c196ba01ac2d97b399acc1/testbuild/test.cpp.1.o']
ok
------------------------------------------------------
Checking for program 'python'
/home/patricia/anaconda3/bin/python
find program=['python'] paths=['/home/patricia/anaconda3/bin', '/opt/anaconda/bin', '/home/patricia/.local/bin', '/usr/local/bin', '/usr/bin', '/bin', '/usr/local/sbin', '/usr/lib/jvm/default/bin', '/usr/bin/site_perl', '/usr/bin/vendor_perl', '/usr/bin/core_perl', '/var/lib/snapd/snap/bin'] var='PYTHON' -> ['/home/patricia/anaconda3/bin/python']
['/home/patricia/anaconda3/bin/python', '-c', 'import imp;print(imp.get_tag())']
out: cpython-36

['/home/patricia/anaconda3/bin/python', '-c', 'import sys\nfor x in sys.version_info: print(str(x))']
out: 3
6
2
final
0

['/home/patricia/anaconda3/bin/python', '-c', "from distutils.sysconfig import get_config_var, get_python_lib\n\nprint(repr(get_python_lib(standard_lib=0, prefix='/usr/local') or ''))"]
out: '/usr/local/lib/python3.6/site-packages'

'/usr/local/lib/python3.6/site-packages'

['/home/patricia/anaconda3/bin/python', '-c', "from distutils.sysconfig import get_config_var, get_python_lib\n\nprint(repr(get_python_lib(plat_specific=1, standard_lib=0, prefix='/usr/local') or ''))"]
out: '/usr/local/lib/python3.6/site-packages'

'/usr/local/lib/python3.6/site-packages'

------------------------------------------------------
Checking for python version >= 2.3
3.6.2
['/home/patricia/anaconda3/bin/python', '-c', "from distutils.sysconfig import get_config_var, get_python_lib\n\nprint(repr(get_config_var('prefix') or ''))\nprint(repr(get_config_var('SO') or ''))\nprint(repr(get_config_var('LDFLAGS') or ''))\nprint(repr(get_config_var('LIBDIR') or ''))\nprint(repr(get_config_var('LIBPL') or ''))\nprint(repr(get_config_var('INCLUDEPY') or ''))\nprint(repr(get_config_var('Py_ENABLE_SHARED') or ''))\nprint(repr(get_config_var('MACOSX_DEPLOYMENT_TARGET') or ''))\nprint(repr(get_config_var('LDSHARED') or ''))\nprint(repr(get_config_var('CFLAGS') or ''))\nprint(repr(get_config_var('LDVERSION') or ''))"]
out: '/home/patricia/anaconda3'
'.cpython-36m-x86_64-linux-gnu.so'
'-Wl,-O2,--sort-common,--as-needed,-z,relro,-z,now -Wl,-rpath,/home/patricia/anaconda3/lib -L/home/patricia/anaconda3/lib -Wl,-O2,--sort-common,--as-needed,-z,relro,-z,now -Wl,-rpath,/home/patricia/anaconda3/lib -L/home/patricia/anaconda3/lib'
'/home/patricia/anaconda3/lib'
'/home/patricia/anaconda3/lib/python3.6/config-3.6m-x86_64-linux-gnu'
'/home/patricia/anaconda3/include/python3.6m'
1
''
'x86_64-conda_cos6-linux-gnu-gcc -pthread -shared -Wl,-O2,--sort-common,--as-needed,-z,relro,-z,now -Wl,-rpath,/home/patricia/anaconda3/lib -L/home/patricia/anaconda3/lib -Wl,-O2,--sort-common,--as-needed,-z,relro,-z,now -Wl,-rpath,/home/patricia/anaconda3/lib -L/home/patricia/anaconda3/lib'
'-Wno-unused-result -Wsign-compare -DNDEBUG -fwrapv -O2 -Wall -Wstrict-prototypes -march=nocona -mtune=haswell -ftree-vectorize -fPIC -fstack-protector-strong -fno-plt -O2 -pipe -march=nocona -mtune=haswell -ftree-vectorize -fPIC -fstack-protector-strong -fno-plt -O2 -pipe   '
'3.6m'

'/home/patricia/anaconda3'
'.cpython-36m-x86_64-linux-gnu.so'
'-Wl,-O2,--sort-common,--as-needed,-z,relro,-z,now -Wl,-rpath,/home/patricia/anaconda3/lib -L/home/patricia/anaconda3/lib -Wl,-O2,--sort-common,--as-needed,-z,relro,-z,now -Wl,-rpath,/home/patricia/anaconda3/lib -L/home/patricia/anaconda3/lib'
'/home/patricia/anaconda3/lib'
'/home/patricia/anaconda3/lib/python3.6/config-3.6m-x86_64-linux-gnu'
'/home/patricia/anaconda3/include/python3.6m'
1
''
'x86_64-conda_cos6-linux-gnu-gcc -pthread -shared -Wl,-O2,--sort-common,--as-needed,-z,relro,-z,now -Wl,-rpath,/home/patricia/anaconda3/lib -L/home/patricia/anaconda3/lib -Wl,-O2,--sort-common,--as-needed,-z,relro,-z,now -Wl,-rpath,/home/patricia/anaconda3/lib -L/home/patricia/anaconda3/lib'
'-Wno-unused-result -Wsign-compare -DNDEBUG -fwrapv -O2 -Wall -Wstrict-prototypes -march=nocona -mtune=haswell -ftree-vectorize -fPIC -fstack-protector-strong -fno-plt -O2 -pipe -march=nocona -mtune=haswell -ftree-vectorize -fPIC -fstack-protector-strong -fno-plt -O2 -pipe   '
'3.6m'

Configuration returned from ['/home/patricia/anaconda3/bin/python']:
prefix = '/home/patricia/anaconda3'
SO = '.cpython-36m-x86_64-linux-gnu.so'
LDFLAGS = '-Wl,-O2,--sort-common,--as-needed,-z,relro,-z,now -Wl,-rpath,/home/patricia/anaconda3/lib -L/home/patricia/anaconda3/lib -Wl,-O2,--sort-common,--as-needed,-z,relro,-z,now -Wl,-rpath,/home/patricia/anaconda3/lib -L/home/patricia/anaconda3/lib'
LIBDIR = '/home/patricia/anaconda3/lib'
LIBPL = '/home/patricia/anaconda3/lib/python3.6/config-3.6m-x86_64-linux-gnu'
INCLUDEPY = '/home/patricia/anaconda3/include/python3.6m'
Py_ENABLE_SHARED = 1
MACOSX_DEPLOYMENT_TARGET = ''
LDSHARED = 'x86_64-conda_cos6-linux-gnu-gcc -pthread -shared -Wl,-O2,--sort-common,--as-needed,-z,relro,-z,now -Wl,-rpath,/home/patricia/anaconda3/lib -L/home/patricia/anaconda3/lib -Wl,-O2,--sort-common,--as-needed,-z,relro,-z,now -Wl,-rpath,/home/patricia/anaconda3/lib -L/home/patricia/anaconda3/lib'
CFLAGS = '-Wno-unused-result -Wsign-compare -DNDEBUG -fwrapv -O2 -Wall -Wstrict-prototypes -march=nocona -mtune=haswell -ftree-vectorize -fPIC -fstack-protector-strong -fno-plt -O2 -pipe -march=nocona -mtune=haswell -ftree-vectorize -fPIC -fstack-protector-strong -fno-plt -O2 -pipe   '
LDVERSION = '3.6m'

------------------------------------------------------
python-config
/home/patricia/anaconda3/bin/python3.6-config
find program=['/home/patricia/anaconda3/bin/python-config', 'python3.6-config', 'python-config-3.6', 'python3.6m-config'] paths=['/home/patricia/anaconda3/bin', '/opt/anaconda/bin', '/home/patricia/.local/bin', '/usr/local/bin', '/usr/bin', '/bin', '/usr/local/sbin', '/usr/lib/jvm/default/bin', '/usr/bin/site_perl', '/usr/bin/vendor_perl', '/usr/bin/core_perl', '/var/lib/snapd/snap/bin'] var='PYTHON_CONFIG' -> ['/home/patricia/anaconda3/bin/python3.6-config']
------------------------------------------------------------------
Asking python-config for pyembed '--cflags --libs --ldflags' flags
['/home/patricia/anaconda3/bin/python3.6-config', '--cflags', '--libs', '--ldflags']
out: -I/home/patricia/anaconda3/include/python3.6m -I/home/patricia/anaconda3/include/python3.6m  -Wno-unused-result -Wsign-compare -march=nocona -mtune=haswell -ftree-vectorize -fPIC -fstack-protector-strong -fno-plt -O3 -pipe -flto -fuse-linker-plugin -ffat-lto-objects -DNDEBUG -fwrapv -O3 -Wall -Wstrict-prototypes
-lpython3.6m -lpthread -ldl  -lutil -lrt -lm 
-L/home/patricia/anaconda3/lib/python3.6/config-3.6m-x86_64-linux-gnu -L/home/patricia/anaconda3/lib -lpython3.6m -lpthread -ldl  -lutil -lrt -lm  -Xlinker -export-dynamic

Unhandled flag '-Wno-unused-result'
Unhandled flag '-Wsign-compare'
Unhandled flag '-pipe'
Unhandled flag '-Wall'
Unhandled flag '-Wstrict-prototypes'
yes
------------------------------------------------------------------
Testing pyembed configuration
==>

#include <Python.h>
#ifdef __cplusplus
extern "C" {
#endif
	void Py_Initialize(void);
	void Py_Finalize(void);
#ifdef __cplusplus
}
#endif
int main(int argc, char **argv)
{
   (void)argc; (void)argv;
   Py_Initialize();
   Py_Finalize();
   return 0;
}

<==
[1/2] Compiling [32mbuild/.conf_check_c1563ed660bf3ec4e3a530693228e6d2/test.cpp[0m

['/usr/bin/g++', '-O0', '-ggdb', '-g3', '-Wall', '-Werror', '-std=c++11', '-march=nocona', '-mtune=haswell', '-ftree-vectorize', '-fPIC', '-fstack-protector-strong', '-fno-plt', '-O3', '-flto', '-fuse-linker-plugin', '-ffat-lto-objects', '-fwrapv', '-O3', '-I/home/patricia/anaconda3/include/python3.6m', '-DNS3_BUILD_PROFILE_DEBUG', '-DNS3_ASSERT_ENABLE', '-DNS3_LOG_ENABLE', '-DPYTHONDIR="/usr/local/lib/python3.6/site-packages"', '-DPYTHONARCHDIR="/usr/local/lib/python3.6/site-packages"', '-DNDEBUG', '../test.cpp', '-c', '-o/home/patricia/Workspace/NIR/ns-allinone-3.29/ns-3.29/build/.conf_check_c1563ed660bf3ec4e3a530693228e6d2/testbuild/test.cpp.1.o']
[2/2] Linking [33mbuild/.conf_check_c1563ed660bf3ec4e3a530693228e6d2/testbuild/testprog[0m

['/usr/bin/g++', '-fPIC', '-Xlinker', '-export-dynamic', 'test.cpp.1.o', '-o/home/patricia/Workspace/NIR/ns-allinone-3.29/ns-3.29/build/.conf_check_c1563ed660bf3ec4e3a530693228e6d2/testbuild/testprog', '-Wl,-Bstatic', '-Wl,-Bdynamic', '-L/home/patricia/anaconda3/lib/python3.6/config-3.6m-x86_64-linux-gnu', '-L/home/patricia/anaconda3/lib', '-lpython3.6m', '-lpthread', '-ldl', '-lutil', '-lrt', '-lm', '-lpython3.6m', '-lpthread', '-ldl', '-lutil', '-lrt', '-lm']
err: lto1: Ñ„Ð°Ñ‚Ð°Ð»ÑŒÐ½Ð°Ñ Ð¾ÑˆÐ¸Ð±ÐºÐ°: bytecode stream in file Â«/home/patricia/anaconda3/lib/python3.6/config-3.6m-x86_64-linux-gnu/libpython3.6m.aÂ» generated with GCC compiler older than 10.0
ÐºÐ¾Ð¼Ð¿Ð¸Ð»ÑÑ†Ð¸Ñ Ð¿Ñ€ÐµÑ€Ð²Ð°Ð½Ð°.
lto-wrapper: Ñ„Ð°Ñ‚Ð°Ð»ÑŒÐ½Ð°Ñ Ð¾ÑˆÐ¸Ð±ÐºÐ°: /usr/bin/g++ Ð·Ð°Ð²ÐµÑ€ÑˆÐ¸Ð»Ð°ÑÑŒ Ñ ÐºÐ¾Ð´Ð¾Ð¼ Ð²Ð¾Ð·Ð²Ñ€Ð°Ñ‚Ð° 1
ÐºÐ¾Ð¼Ð¿Ð¸Ð»ÑÑ†Ð¸Ñ Ð¿Ñ€ÐµÑ€Ð²Ð°Ð½Ð°.
/usr/bin/ld: Ð¾ÑˆÐ¸Ð±ÐºÐ°: lto-wrapper failed
collect2: Ð¾ÑˆÐ¸Ð±ÐºÐ°: Ð²Ñ‹Ð¿Ð¾Ð»Ð½ÐµÐ½Ð¸Ðµ ld Ð·Ð°Ð²ÐµÑ€ÑˆÐ¸Ð»Ð¾ÑÑŒ Ñ ÐºÐ¾Ð´Ð¾Ð¼ Ð²Ð¾Ð·Ð²Ñ€Ð°Ñ‚Ð° 1

from /home/patricia/Workspace/NIR/ns-allinone-3.29/ns-3.29/bindings/python: Test does not build: Traceback (most recent call last):
  File "/home/patricia/Workspace/NIR/ns-allinone-3.29/ns-3.29/.waf3-2.0.9-897e824215d3dab2b64982d8af27db90/waflib/Configure.py", line 324, in run_build
    bld.compile()
  File "/home/patricia/Workspace/NIR/ns-allinone-3.29/ns-3.29/.waf3-2.0.9-897e824215d3dab2b64982d8af27db90/waflib/Build.py", line 176, in compile
    raise Errors.BuildError(self.producer.error)
waflib.Errors.BuildError: Build failed
 -> task in 'testprog' failed with exit status 1 (run with -v to display more information)

Could not build a python embedded interpreter
from /home/patricia/Workspace/NIR/ns-allinone-3.29/ns-3.29/bindings/python: The configuration failed
------------------------------------------------------------------
Testing pyembed configuration
==>

#include <Python.h>
#ifdef __cplusplus
extern "C" {
#endif
	void Py_Initialize(void);
	void Py_Finalize(void);
#ifdef __cplusplus
}
#endif
int main(int argc, char **argv)
{
   (void)argc; (void)argv;
   Py_Initialize();
   Py_Finalize();
   return 0;
}

<==
[1/2] Compiling [32mbuild/.conf_check_c1563ed660bf3ec4e3a530693228e6d2/test.cpp[0m

['/usr/bin/g++', '-O0', '-ggdb', '-g3', '-Wall', '-Werror', '-std=c++11', '-march=nocona', '-mtune=haswell', '-ftree-vectorize', '-fPIC', '-fstack-protector-strong', '-fno-plt', '-O3', '-flto', '-fuse-linker-plugin', '-ffat-lto-objects', '-fwrapv', '-O3', '-I/home/patricia/anaconda3/include/python3.6m', '-DNS3_BUILD_PROFILE_DEBUG', '-DNS3_ASSERT_ENABLE', '-DNS3_LOG_ENABLE', '-DPYTHONDIR="/usr/local/lib/python3.6/site-packages"', '-DPYTHONARCHDIR="/usr/local/lib/python3.6/site-packages"', '-DNDEBUG', '../test.cpp', '-c', '-o/home/patricia/Workspace/NIR/ns-allinone-3.29/ns-3.29/build/.conf_check_c1563ed660bf3ec4e3a530693228e6d2/testbuild/test.cpp.1.o']
[2/2] Linking [33mbuild/.conf_check_c1563ed660bf3ec4e3a530693228e6d2/testbuild/testprog[0m

['/usr/bin/g++', '-fPIC', '-Xlinker', '-export-dynamic', 'test.cpp.1.o', '-o/home/patricia/Workspace/NIR/ns-allinone-3.29/ns-3.29/build/.conf_check_c1563ed660bf3ec4e3a530693228e6d2/testbuild/testprog', '-Wl,-Bstatic', '-Wl,-Bdynamic', '-L/home/patricia/anaconda3/lib/python3.6/config-3.6m-x86_64-linux-gnu', '-L/home/patricia/anaconda3/lib', '-lpython3.6m', '-lpthread', '-ldl', '-lutil', '-lrt', '-lm', '-lpython3.6m', '-lpthread', '-ldl', '-lutil', '-lrt', '-lm']
err: lto1: Ñ„Ð°Ñ‚Ð°Ð»ÑŒÐ½Ð°Ñ Ð¾ÑˆÐ¸Ð±ÐºÐ°: bytecode stream in file Â«/home/patricia/anaconda3/lib/python3.6/config-3.6m-x86_64-linux-gnu/libpython3.6m.aÂ» generated with GCC compiler older than 10.0
ÐºÐ¾Ð¼Ð¿Ð¸Ð»ÑÑ†Ð¸Ñ Ð¿Ñ€ÐµÑ€Ð²Ð°Ð½Ð°.
lto-wrapper: Ñ„Ð°Ñ‚Ð°Ð»ÑŒÐ½Ð°Ñ Ð¾ÑˆÐ¸Ð±ÐºÐ°: /usr/bin/g++ Ð·Ð°Ð²ÐµÑ€ÑˆÐ¸Ð»Ð°ÑÑŒ Ñ ÐºÐ¾Ð´Ð¾Ð¼ Ð²Ð¾Ð·Ð²Ñ€Ð°Ñ‚Ð° 1
ÐºÐ¾Ð¼Ð¿Ð¸Ð»ÑÑ†Ð¸Ñ Ð¿Ñ€ÐµÑ€Ð²Ð°Ð½Ð°.
/usr/bin/ld: Ð¾ÑˆÐ¸Ð±ÐºÐ°: lto-wrapper failed
collect2: Ð¾ÑˆÐ¸Ð±ÐºÐ°: Ð²Ñ‹Ð¿Ð¾Ð»Ð½ÐµÐ½Ð¸Ðµ ld Ð·Ð°Ð²ÐµÑ€ÑˆÐ¸Ð»Ð¾ÑÑŒ Ñ ÐºÐ¾Ð´Ð¾Ð¼ Ð²Ð¾Ð·Ð²Ñ€Ð°Ñ‚Ð° 1

from /home/patricia/Workspace/NIR/ns-allinone-3.29/ns-3.29/bindings/python: Test does not build: Traceback (most recent call last):
  File "/home/patricia/Workspace/NIR/ns-allinone-3.29/ns-3.29/.waf3-2.0.9-897e824215d3dab2b64982d8af27db90/waflib/Configure.py", line 324, in run_build
    bld.compile()
  File "/home/patricia/Workspace/NIR/ns-allinone-3.29/ns-3.29/.waf3-2.0.9-897e824215d3dab2b64982d8af27db90/waflib/Build.py", line 176, in compile
    raise Errors.BuildError(self.producer.error)
waflib.Errors.BuildError: Build failed
 -> task in 'testprog' failed with exit status 1 (run with -v to display more information)

During handling of the above exception, another exception occurred:

Traceback (most recent call last):
  File "/home/patricia/Workspace/NIR/ns-allinone-3.29/ns-3.29/.waf3-2.0.9-897e824215d3dab2b64982d8af27db90/waflib/Tools/c_config.py", line 387, in check
    ret=self.run_build(*k,**kw)
  File "/home/patricia/Workspace/NIR/ns-allinone-3.29/ns-3.29/.waf3-2.0.9-897e824215d3dab2b64982d8af27db90/waflib/Configure.py", line 174, in fun
    return f(*k,**kw)
  File "/home/patricia/Workspace/NIR/ns-allinone-3.29/ns-3.29/.waf3-2.0.9-897e824215d3dab2b64982d8af27db90/waflib/Configure.py", line 327, in run_build
    self.fatal(ret)
  File "/home/patricia/Workspace/NIR/ns-allinone-3.29/ns-3.29/.waf3-2.0.9-897e824215d3dab2b64982d8af27db90/waflib/Context.py", line 254, in fatal
    raise self.errors.ConfigurationError(msg,ex=ex)
waflib.Errors.ConfigurationError: Test does not build: Traceback (most recent call last):
  File "/home/patricia/Workspace/NIR/ns-allinone-3.29/ns-3.29/.waf3-2.0.9-897e824215d3dab2b64982d8af27db90/waflib/Configure.py", line 324, in run_build
    bld.compile()
  File "/home/patricia/Workspace/NIR/ns-allinone-3.29/ns-3.29/.waf3-2.0.9-897e824215d3dab2b64982d8af27db90/waflib/Build.py", line 176, in compile
    raise Errors.BuildError(self.producer.error)
waflib.Errors.BuildError: Build failed
 -> task in 'testprog' failed with exit status 1 (run with -v to display more information)

(complete log in /home/patricia/Workspace/NIR/ns-allinone-3.29/ns-3.29/build/config.log)

During handling of the above exception, another exception occurred:

Traceback (most recent call last):
  File "/home/patricia/Workspace/NIR/ns-allinone-3.29/ns-3.29/.waf3-2.0.9-897e824215d3dab2b64982d8af27db90/waflib/Tools/python.py", line 222, in check_python_headers
    conf.test_pyembed(xx)
  File "/home/patricia/Workspace/NIR/ns-allinone-3.29/ns-3.29/.waf3-2.0.9-897e824215d3dab2b64982d8af27db90/waflib/Configure.py", line 174, in fun
    return f(*k,**kw)
  File "/home/patricia/Workspace/NIR/ns-allinone-3.29/ns-3.29/.waf3-2.0.9-897e824215d3dab2b64982d8af27db90/waflib/Tools/python.py", line 155, in test_pyembed
    self.check(header_name='Python.h',define_name='HAVE_PYEMBED',msg=msg,fragment=FRAG,errmsg='Could not build a python embedded interpreter',features='%s %sprogram pyembed'%(mode,mode))
  File "/home/patricia/Workspace/NIR/ns-allinone-3.29/ns-3.29/.waf3-2.0.9-897e824215d3dab2b64982d8af27db90/waflib/Configure.py", line 174, in fun
    return f(*k,**kw)
  File "/home/patricia/Workspace/NIR/ns-allinone-3.29/ns-3.29/.waf3-2.0.9-897e824215d3dab2b64982d8af27db90/waflib/Tools/c_config.py", line 393, in check
    self.fatal('The configuration failed')
  File "/home/patricia/Workspace/NIR/ns-allinone-3.29/ns-3.29/.waf3-2.0.9-897e824215d3dab2b64982d8af27db90/waflib/Context.py", line 254, in fatal
    raise self.errors.ConfigurationError(msg,ex=ex)
waflib.Errors.ConfigurationError: The configuration failed
(complete log in /home/patricia/Workspace/NIR/ns-allinone-3.29/ns-3.29/build/config.log)

During handling of the above exception, another exception occurred:

Traceback (most recent call last):
  File "/home/patricia/Workspace/NIR/ns-allinone-3.29/ns-3.29/.waf3-2.0.9-897e824215d3dab2b64982d8af27db90/waflib/Configure.py", line 324, in run_build
    bld.compile()
  File "/home/patricia/Workspace/NIR/ns-allinone-3.29/ns-3.29/.waf3-2.0.9-897e824215d3dab2b64982d8af27db90/waflib/Build.py", line 176, in compile
    raise Errors.BuildError(self.producer.error)
waflib.Errors.BuildError: Build failed
 -> task in 'testprog' failed with exit status 1 (run with -v to display more information)

Could not build a python embedded interpreter
from /home/patricia/Workspace/NIR/ns-allinone-3.29/ns-3.29/bindings/python: The configuration failed
------------------------------------------------------------------
Checking boost includes
1_76
------------------------------------------------------------------
Checking boost libs
Found the boost path in /usr/lib with the libraries:
    /usr/lib/libboost_atomic.a
    /usr/lib/libboost_atomic.so
    /usr/lib/libboost_atomic.so.1.76.0
    /usr/lib/libboost_chrono.a
    /usr/lib/libboost_chrono.so
    /usr/lib/libboost_chrono.so.1.76.0
    /usr/lib/libboost_container.a
    /usr/lib/libboost_container.so
    /usr/lib/libboost_container.so.1.76.0
    /usr/lib/libboost_context.a
    /usr/lib/libboost_context.so
    /usr/lib/libboost_context.so.1.76.0
    /usr/lib/libboost_contract.a
    /usr/lib/libboost_contract.so
    /usr/lib/libboost_contract.so.1.76.0
    /usr/lib/libboost_coroutine.a
    /usr/lib/libboost_coroutine.so
    /usr/lib/libboost_coroutine.so.1.76.0
    /usr/lib/libboost_date_time.a
    /usr/lib/libboost_date_time.so
    /usr/lib/libboost_date_time.so.1.76.0
    /usr/lib/libboost_exception.a
    /usr/lib/libboost_fiber.a
    /usr/lib/libboost_fiber.so
    /usr/lib/libboost_fiber.so.1.76.0
    /usr/lib/libboost_filesystem.a
    /usr/lib/libboost_filesystem.so
    /usr/lib/libboost_filesystem.so.1.76.0
    /usr/lib/libboost_graph.a
    /usr/lib/libboost_graph.so
    /usr/lib/libboost_graph.so.1.76.0
    /usr/lib/libboost_graph_parallel.a
    /usr/lib/libboost_graph_parallel.so
    /usr/lib/libboost_graph_parallel.so.1.76.0
    /usr/lib/libboost_iostreams.a
    /usr/lib/libboost_iostreams.so
    /usr/lib/libboost_iostreams.so.1.76.0
    /usr/lib/libboost_json.a
    /usr/lib/libboost_json.so
    /usr/lib/libboost_json.so.1.76.0
    /usr/lib/libboost_locale.a
    /usr/lib/libboost_locale.so
    /usr/lib/libboost_locale.so.1.76.0
    /usr/lib/libboost_log.a
    /usr/lib/libboost_log.so
    /usr/lib/libboost_log.so.1.76.0
    /usr/lib/libboost_log_setup.a
    /usr/lib/libboost_log_setup.so
    /usr/lib/libboost_log_setup.so.1.76.0
    /usr/lib/libboost_math_c99.a
    /usr/lib/libboost_math_c99.so
    /usr/lib/libboost_math_c99.so.1.76.0
    /usr/lib/libboost_math_c99f.a
    /usr/lib/libboost_math_c99f.so
    /usr/lib/libboost_math_c99f.so.1.76.0
    /usr/lib/libboost_math_c99l.a
    /usr/lib/libboost_math_c99l.so
    /usr/lib/libboost_math_c99l.so.1.76.0
    /usr/lib/libboost_math_tr1.a
    /usr/lib/libboost_math_tr1.so
    /usr/lib/libboost_math_tr1.so.1.76.0
    /usr/lib/libboost_math_tr1f.a
    /usr/lib/libboost_math_tr1f.so
    /usr/lib/libboost_math_tr1f.so.1.76.0
    /usr/lib/libboost_math_tr1l.a
    /usr/lib/libboost_math_tr1l.so
    /usr/lib/libboost_math_tr1l.so.1.76.0
    /usr/lib/libboost_mpi.a
    /usr/lib/libboost_mpi.so
    /usr/lib/libboost_mpi.so.1.76.0
    /usr/lib/libboost_mpi_python39.a
    /usr/lib/libboost_mpi_python39.so
    /usr/lib/libboost_mpi_python39.so.1.76.0
    /usr/lib/libboost_nowide.a
    /usr/lib/libboost_nowide.so
    /usr/lib/libboost_nowide.so.1.76.0
    /usr/lib/libboost_numpy3.so
    /usr/lib/libboost_numpy39.a
    /usr/lib/libboost_numpy39.so
    /usr/lib/libboost_numpy39.so.1.76.0
    /usr/lib/libboost_prg_exec_monitor.a
    /usr/lib/libboost_prg_exec_monitor.so
    /usr/lib/libboost_prg_exec_monitor.so.1.76.0
    /usr/lib/libboost_program_options.a
    /usr/lib/libboost_program_options.so
    /usr/lib/libboost_program_options.so.1.76.0
    /usr/lib/libboost_python3.so
    /usr/lib/libboost_python39.a
    /usr/lib/libboost_python39.so
    /usr/lib/libboost_python39.so.1.76.0
    /usr/lib/libboost_random.a
    /usr/lib/libboost_random.so
    /usr/lib/libboost_random.so.1.76.0
    /usr/lib/libboost_regex.a
    /usr/lib/libboost_regex.so
    /usr/lib/libboost_regex.so.1.76.0
    /usr/lib/libboost_serialization.a
    /usr/lib/libboost_serialization.so
    /usr/lib/libboost_serialization.so.1.76.0
    /usr/lib/libboost_stacktrace_addr2line.a
    /usr/lib/libboost_stacktrace_addr2line.so
    /usr/lib/libboost_stacktrace_addr2line.so.1.76.0
    /usr/lib/libboost_stacktrace_basic.a
    /usr/lib/libboost_stacktrace_basic.so
    /usr/lib/libboost_stacktrace_basic.so.1.76.0
    /usr/lib/libboost_stacktrace_noop.a
    /usr/lib/libboost_stacktrace_noop.so
    /usr/lib/libboost_stacktrace_noop.so.1.76.0
    /usr/lib/libboost_system.a
    /usr/lib/libboost_system.so
    /usr/lib/libboost_system.so.1.76.0
    /usr/lib/libboost_test_exec_monitor.a
    /usr/lib/libboost_thread.a
    /usr/lib/libboost_thread.so
    /usr/lib/libboost_thread.so.1.76.0
    /usr/lib/libboost_timer.a
    /usr/lib/libboost_timer.so
    /usr/lib/libboost_timer.so.1.76.0
    /usr/lib/libboost_type_erasure.a
    /usr/lib/libboost_type_erasure.so
    /usr/lib/libboost_type_erasure.so.1.76.0
    /usr/lib/libboost_unit_test_framework.a
    /usr/lib/libboost_unit_test_framework.so
    /usr/lib/libboost_unit_test_framework.so.1.76.0
    /usr/lib/libboost_wave.a
    /usr/lib/libboost_wave.so
    /usr/lib/libboost_wave.so.1.76.0
    /usr/lib/libboost_wserialization.a
    /usr/lib/libboost_wserialization.so
    /usr/lib/libboost_wserialization.so.1.76.0
Trying pattern boost_system(-gcc[0-9]{0,3})-1_76.so$
Trying pattern boost_system-1_76.so$
Trying pattern boost_system(-gcc[0-9]{0,3}).so$
Trying pattern boost_system.so$
Found boost lib /usr/lib/libboost_system.so
Trying pattern boost_signals(-gcc[0-9]{0,3})-1_76.so$
Trying pattern boost_signals-1_76.so$
Trying pattern boost_signals(-gcc[0-9]{0,3}).so$
Trying pattern boost_signals.so$
Trying pattern boost_signals.so$
Trying pattern boost_signals
lib signals not found in /usr/lib
from /home/patricia/Workspace/NIR/ns-allinone-3.29/ns-3.29/src: The configuration failed
------------------------------------------------------------------
Checking boost includes
1_76
------------------------------------------------------------------
Checking boost libs
Found the boost path in /usr/lib with the libraries:
    /usr/lib/libboost_atomic.a
    /usr/lib/libboost_atomic.so
    /usr/lib/libboost_atomic.so.1.76.0
    /usr/lib/libboost_chrono.a
    /usr/lib/libboost_chrono.so
    /usr/lib/libboost_chrono.so.1.76.0
    /usr/lib/libboost_container.a
    /usr/lib/libboost_container.so
    /usr/lib/libboost_container.so.1.76.0
    /usr/lib/libboost_context.a
    /usr/lib/libboost_context.so
    /usr/lib/libboost_context.so.1.76.0
    /usr/lib/libboost_contract.a
    /usr/lib/libboost_contract.so
    /usr/lib/libboost_contract.so.1.76.0
    /usr/lib/libboost_coroutine.a
    /usr/lib/libboost_coroutine.so
    /usr/lib/libboost_coroutine.so.1.76.0
    /usr/lib/libboost_date_time.a
    /usr/lib/libboost_date_time.so
    /usr/lib/libboost_date_time.so.1.76.0
    /usr/lib/libboost_exception.a
    /usr/lib/libboost_fiber.a
    /usr/lib/libboost_fiber.so
    /usr/lib/libboost_fiber.so.1.76.0
    /usr/lib/libboost_filesystem.a
    /usr/lib/libboost_filesystem.so
    /usr/lib/libboost_filesystem.so.1.76.0
    /usr/lib/libboost_graph.a
    /usr/lib/libboost_graph.so
    /usr/lib/libboost_graph.so.1.76.0
    /usr/lib/libboost_graph_parallel.a
    /usr/lib/libboost_graph_parallel.so
    /usr/lib/libboost_graph_parallel.so.1.76.0
    /usr/lib/libboost_iostreams.a
    /usr/lib/libboost_iostreams.so
    /usr/lib/libboost_iostreams.so.1.76.0
    /usr/lib/libboost_json.a
    /usr/lib/libboost_json.so
    /usr/lib/libboost_json.so.1.76.0
    /usr/lib/libboost_locale.a
    /usr/lib/libboost_locale.so
    /usr/lib/libboost_locale.so.1.76.0
    /usr/lib/libboost_log.a
    /usr/lib/libboost_log.so
    /usr/lib/libboost_log.so.1.76.0
    /usr/lib/libboost_log_setup.a
    /usr/lib/libboost_log_setup.so
    /usr/lib/libboost_log_setup.so.1.76.0
    /usr/lib/libboost_math_c99.a
    /usr/lib/libboost_math_c99.so
    /usr/lib/libboost_math_c99.so.1.76.0
    /usr/lib/libboost_math_c99f.a
    /usr/lib/libboost_math_c99f.so
    /usr/lib/libboost_math_c99f.so.1.76.0
    /usr/lib/libboost_math_c99l.a
    /usr/lib/libboost_math_c99l.so
    /usr/lib/libboost_math_c99l.so.1.76.0
    /usr/lib/libboost_math_tr1.a
    /usr/lib/libboost_math_tr1.so
    /usr/lib/libboost_math_tr1.so.1.76.0
    /usr/lib/libboost_math_tr1f.a
    /usr/lib/libboost_math_tr1f.so
    /usr/lib/libboost_math_tr1f.so.1.76.0
    /usr/lib/libboost_math_tr1l.a
    /usr/lib/libboost_math_tr1l.so
    /usr/lib/libboost_math_tr1l.so.1.76.0
    /usr/lib/libboost_mpi.a
    /usr/lib/libboost_mpi.so
    /usr/lib/libboost_mpi.so.1.76.0
    /usr/lib/libboost_mpi_python39.a
    /usr/lib/libboost_mpi_python39.so
    /usr/lib/libboost_mpi_python39.so.1.76.0
    /usr/lib/libboost_nowide.a
    /usr/lib/libboost_nowide.so
    /usr/lib/libboost_nowide.so.1.76.0
    /usr/lib/libboost_numpy3.so
    /usr/lib/libboost_numpy39.a
    /usr/lib/libboost_numpy39.so
    /usr/lib/libboost_numpy39.so.1.76.0
    /usr/lib/libboost_prg_exec_monitor.a
    /usr/lib/libboost_prg_exec_monitor.so
    /usr/lib/libboost_prg_exec_monitor.so.1.76.0
    /usr/lib/libboost_program_options.a
    /usr/lib/libboost_program_options.so
    /usr/lib/libboost_program_options.so.1.76.0
    /usr/lib/libboost_python3.so
    /usr/lib/libboost_python39.a
    /usr/lib/libboost_python39.so
    /usr/lib/libboost_python39.so.1.76.0
    /usr/lib/libboost_random.a
    /usr/lib/libboost_random.so
    /usr/lib/libboost_random.so.1.76.0
    /usr/lib/libboost_regex.a
    /usr/lib/libboost_regex.so
    /usr/lib/libboost_regex.so.1.76.0
    /usr/lib/libboost_serialization.a
    /usr/lib/libboost_serialization.so
    /usr/lib/libboost_serialization.so.1.76.0
    /usr/lib/libboost_stacktrace_addr2line.a
    /usr/lib/libboost_stacktrace_addr2line.so
    /usr/lib/libboost_stacktrace_addr2line.so.1.76.0
    /usr/lib/libboost_stacktrace_basic.a
    /usr/lib/libboost_stacktrace_basic.so
    /usr/lib/libboost_stacktrace_basic.so.1.76.0
    /usr/lib/libboost_stacktrace_noop.a
    /usr/lib/libboost_stacktrace_noop.so
    /usr/lib/libboost_stacktrace_noop.so.1.76.0
    /usr/lib/libboost_system.a
    /usr/lib/libboost_system.so
    /usr/lib/libboost_system.so.1.76.0
    /usr/lib/libboost_test_exec_monitor.a
    /usr/lib/libboost_thread.a
    /usr/lib/libboost_thread.so
    /usr/lib/libboost_thread.so.1.76.0
    /usr/lib/libboost_timer.a
    /usr/lib/libboost_timer.so
    /usr/lib/libboost_timer.so.1.76.0
    /usr/lib/libboost_type_erasure.a
    /usr/lib/libboost_type_erasure.so
    /usr/lib/libboost_type_erasure.so.1.76.0
    /usr/lib/libboost_unit_test_framework.a
    /usr/lib/libboost_unit_test_framework.so
    /usr/lib/libboost_unit_test_framework.so.1.76.0
    /usr/lib/libboost_wave.a
    /usr/lib/libboost_wave.so
    /usr/lib/libboost_wave.so.1.76.0
    /usr/lib/libboost_wserialization.a
    /usr/lib/libboost_wserialization.so
    /usr/lib/libboost_wserialization.so.1.76.0
Trying pattern boost_system(-gcc[0-9]{0,3})-1_76.so$
Trying pattern boost_system-1_76.so$
Trying pattern boost_system(-gcc[0-9]{0,3}).so$
Trying pattern boost_system.so$
Found boost lib /usr/lib/libboost_system.so
Trying pattern boost_signals(-gcc[0-9]{0,3})-1_76.so$
Trying pattern boost_signals-1_76.so$
Trying pattern boost_signals(-gcc[0-9]{0,3}).so$
Trying pattern boost_signals.so$
Trying pattern boost_signals.so$
Trying pattern boost_signals
lib signals not found in /usr/lib
from /home/patricia/Workspace/NIR/ns-allinone-3.29/ns-3.29/src: The configuration failed
------------------------------------------------------------------
Checking for click location
not found
------------------------------------------------------------------
Checking for program 'pkg-config'
/usr/bin/pkg-config
find program=['pkg-config'] paths=['/home/patricia/anaconda3/bin', '/opt/anaconda/bin', '/home/patricia/.local/bin', '/usr/local/bin', '/usr/bin', '/bin', '/usr/local/sbin', '/usr/lib/jvm/default/bin', '/usr/bin/site_perl', '/usr/bin/vendor_perl', '/usr/bin/core_perl', '/var/lib/snapd/snap/bin'] var='PKGCONFIG' -> ['/usr/bin/pkg-config']
------------------------------------------------------------------
Checking for 'gtk+-3.0'
['/usr/bin/pkg-config', '--cflags', '--libs', 'gtk+-3.0']
out: -I/usr/include/gtk-3.0 -I/usr/include/pango-1.0 -I/usr/include/glib-2.0 -I/usr/lib/glib-2.0/include -I/usr/include/harfbuzz -I/usr/include/freetype2 -I/usr/include/libpng16 -I/usr/include/libmount -I/usr/include/blkid -I/usr/include/fribidi -I/usr/include/cairo -I/usr/include/lzo -I/usr/include/pixman-1 -I/usr/include/gdk-pixbuf-2.0 -I/usr/include/gio-unix-2.0 -I/usr/include/cloudproviders -I/usr/include/atk-1.0 -I/usr/include/at-spi2-atk/2.0 -I/usr/include/dbus-1.0 -I/usr/lib/dbus-1.0/include -I/usr/include/at-spi-2.0 -pthread -lgtk-3 -lgdk-3 -lz -lpangocairo-1.0 -lpango-1.0 -lharfbuzz -latk-1.0 -lcairo-gobject -lcairo -lgdk_pixbuf-2.0 -lgio-2.0 -lgobject-2.0 -lglib-2.0 

yes
------------------------------------------------------------------
Checking for 'libxml-2.0'
['/usr/bin/pkg-config', '--cflags', '--libs', 'libxml-2.0']
out: -I/usr/include/libxml2 -lxml2 

yes
------------------------------------------------------------------
checking for uint128_t
==>

        #include <stdint.h>
        
        int main(int argc, char **argv) {
	(void)argc; (void)argv;
	if ((uint128_t *) 0) return 0;
	if (sizeof (uint128_t)) return 0;
	return 1;
        }
        
<==
[1/2] Compiling [32mbuild/.conf_check_9632adf3f1220a4bc4aa1fa7cda02dea/test.cpp[0m

['/usr/bin/g++', '-O0', '-ggdb', '-g3', '-Wall', '-Werror', '-std=c++11', '-Wno-parentheses', '-Wno-error=deprecated-declarations', '-DNS3_BUILD_PROFILE_DEBUG', '-DNS3_ASSERT_ENABLE', '-DNS3_LOG_ENABLE', '../test.cpp', '-c', '-o/home/patricia/Workspace/NIR/ns-allinone-3.29/ns-3.29/build/.conf_check_9632adf3f1220a4bc4aa1fa7cda02dea/testbuild/test.cpp.1.o']
err: ../test.cpp: Ð’ Ñ„ÑƒÐ½ÐºÑ†Ð¸Ð¸ Â«int main(int, char**)Â»:
../test.cpp:6:14: Ð¾ÑˆÐ¸Ð±ÐºÐ°: Â«uint128_tÂ» was not declared in this scope; did you mean Â«uint8_tÂ»?
    6 |         if ((uint128_t *) 0) return 0;
      |              ^~~~~~~~~
      |              uint8_t
../test.cpp:6:25: Ð¾ÑˆÐ¸Ð±ÐºÐ°: expected primary-expression before Â«)Â» token
    6 |         if ((uint128_t *) 0) return 0;
      |                         ^
../test.cpp:6:26: Ð¾ÑˆÐ¸Ð±ÐºÐ°: expected Â«)Â» before numeric constant
    6 |         if ((uint128_t *) 0) return 0;
      |            ~             ^~
      |                          )
../test.cpp:7:21: Ð¾ÑˆÐ¸Ð±ÐºÐ°: Â«uint128_tÂ» was not declared in this scope; did you mean Â«uint8_tÂ»?
    7 |         if (sizeof (uint128_t)) return 0;
      |                     ^~~~~~~~~
      |                     uint8_t

from /home/patricia/Workspace/NIR/ns-allinone-3.29/ns-3.29/src/core: Test does not build: Traceback (most recent call last):
  File "/home/patricia/Workspace/NIR/ns-allinone-3.29/ns-3.29/.waf3-2.0.9-897e824215d3dab2b64982d8af27db90/waflib/Configure.py", line 324, in run_build
    bld.compile()
  File "/home/patricia/Workspace/NIR/ns-allinone-3.29/ns-3.29/.waf3-2.0.9-897e824215d3dab2b64982d8af27db90/waflib/Build.py", line 176, in compile
    raise Errors.BuildError(self.producer.error)
waflib.Errors.BuildError: Build failed
 -> task in 'testprog' failed with exit status 1 (run with -v to display more information)

not found
from /home/patricia/Workspace/NIR/ns-allinone-3.29/ns-3.29/src/core: The configuration failed
------------------------------------------------------------------
checking for __uint128_t
==>

        #include <stdint.h>
        
        int main(int argc, char **argv) {
	(void)argc; (void)argv;
	if ((__uint128_t *) 0) return 0;
	if (sizeof (__uint128_t)) return 0;
	return 1;
        }
        
<==
[1/2] Compiling [32mbuild/.conf_check_d554c5beee718bce97d156203ce73275/test.cpp[0m

['/usr/bin/g++', '-O0', '-ggdb', '-g3', '-Wall', '-Werror', '-std=c++11', '-Wno-parentheses', '-Wno-error=deprecated-declarations', '-DNS3_BUILD_PROFILE_DEBUG', '-DNS3_ASSERT_ENABLE', '-DNS3_LOG_ENABLE', '../test.cpp', '-c', '-o/home/patricia/Workspace/NIR/ns-allinone-3.29/ns-3.29/build/.conf_check_d554c5beee718bce97d156203ce73275/testbuild/test.cpp.1.o']
[2/2] Linking [33mbuild/.conf_check_d554c5beee718bce97d156203ce73275/testbuild/testprog[0m

['/usr/bin/g++', 'test.cpp.1.o', '-o/home/patricia/Workspace/NIR/ns-allinone-3.29/ns-3.29/build/.conf_check_d554c5beee718bce97d156203ce73275/testbuild/testprog', '-Wl,-Bstatic', '-Wl,-Bdynamic']
yes
------------------------------------------------------------------
Checking high precision implementation
128-bit integer (default)
------------------------------------------------------------------
Checking for header stdint.h
==>
#include <stdint.h>

int main(int argc, char **argv) {
	(void)argc; (void)argv;
	return 0;
}

<==
[1/2] Compiling [32mbuild/.conf_check_0cc27327621d6a8f6836bb95284106f1/test.cpp[0m

['/usr/bin/g++', '-O0', '-ggdb', '-g3', '-Wall', '-Werror', '-std=c++11', '-Wno-parentheses', '-Wno-error=deprecated-declarations', '-DNS3_BUILD_PROFILE_DEBUG', '-DNS3_ASSERT_ENABLE', '-DNS3_LOG_ENABLE', '-DHAVE___UINT128_T=1', '-DINT64X64_USE_128=1', '../test.cpp', '-c', '-o/home/patricia/Workspace/NIR/ns-allinone-3.29/ns-3.29/build/.conf_check_0cc27327621d6a8f6836bb95284106f1/testbuild/test.cpp.1.o']
[2/2] Linking [33mbuild/.conf_check_0cc27327621d6a8f6836bb95284106f1/testbuild/testprog[0m

['/usr/bin/g++', 'test.cpp.1.o', '-o/home/patricia/Workspace/NIR/ns-allinone-3.29/ns-3.29/build/.conf_check_0cc27327621d6a8f6836bb95284106f1/testbuild/testprog', '-Wl,-Bstatic', '-Wl,-Bdynamic']
yes
------------------------------------------------------------------
Checking for header inttypes.h
==>
#include <inttypes.h>

int main(int argc, char **argv) {
	(void)argc; (void)argv;
	return 0;
}

<==
[1/2] Compiling [32mbuild/.conf_check_8aa3e9fd613eb61a0749b51e4e78e1af/test.cpp[0m

['/usr/bin/g++', '-O0', '-ggdb', '-g3', '-Wall', '-Werror', '-std=c++11', '-Wno-parentheses', '-Wno-error=deprecated-declarations', '-DNS3_BUILD_PROFILE_DEBUG', '-DNS3_ASSERT_ENABLE', '-DNS3_LOG_ENABLE', '-DHAVE___UINT128_T=1', '-DINT64X64_USE_128=1', '-DHAVE_STDINT_H=1', '../test.cpp', '-c', '-o/home/patricia/Workspace/NIR/ns-allinone-3.29/ns-3.29/build/.conf_check_8aa3e9fd613eb61a0749b51e4e78e1af/testbuild/test.cpp.1.o']
[2/2] Linking [33mbuild/.conf_check_8aa3e9fd613eb61a0749b51e4e78e1af/testbuild/testprog[0m

['/usr/bin/g++', 'test.cpp.1.o', '-o/home/patricia/Workspace/NIR/ns-allinone-3.29/ns-3.29/build/.conf_check_8aa3e9fd613eb61a0749b51e4e78e1af/testbuild/testprog', '-Wl,-Bstatic', '-Wl,-Bdynamic']
yes
------------------------------------------------------------------
Checking for header sys/inttypes.h
==>
#include <sys/inttypes.h>

int main(int argc, char **argv) {
	(void)argc; (void)argv;
	return 0;
}

<==
[1/2] Compiling [32mbuild/.conf_check_07890bc5889fcc51ef4b74510feb3d47/test.cpp[0m

['/usr/bin/g++', '-O0', '-ggdb', '-g3', '-Wall', '-Werror', '-std=c++11', '-Wno-parentheses', '-Wno-error=deprecated-declarations', '-DNS3_BUILD_PROFILE_DEBUG', '-DNS3_ASSERT_ENABLE', '-DNS3_LOG_ENABLE', '-DHAVE___UINT128_T=1', '-DINT64X64_USE_128=1', '-DHAVE_STDINT_H=1', '-DHAVE_INTTYPES_H=1', '../test.cpp', '-c', '-o/home/patricia/Workspace/NIR/ns-allinone-3.29/ns-3.29/build/.conf_check_07890bc5889fcc51ef4b74510feb3d47/testbuild/test.cpp.1.o']
err: ../test.cpp:1:10: Ñ„Ð°Ñ‚Ð°Ð»ÑŒÐ½Ð°Ñ Ð¾ÑˆÐ¸Ð±ÐºÐ°: sys/inttypes.h: ÐÐµÑ‚ Ñ‚Ð°ÐºÐ¾Ð³Ð¾ Ñ„Ð°Ð¹Ð»Ð° Ð¸Ð»Ð¸ ÐºÐ°Ñ‚Ð°Ð»Ð¾Ð³Ð°
    1 | #include <sys/inttypes.h>
      |          ^~~~~~~~~~~~~~~~
ÐºÐ¾Ð¼Ð¿Ð¸Ð»ÑÑ†Ð¸Ñ Ð¿Ñ€ÐµÑ€Ð²Ð°Ð½Ð°.

from /home/patricia/Workspace/NIR/ns-allinone-3.29/ns-3.29/src/core: Test does not build: Traceback (most recent call last):
  File "/home/patricia/Workspace/NIR/ns-allinone-3.29/ns-3.29/.waf3-2.0.9-897e824215d3dab2b64982d8af27db90/waflib/Configure.py", line 324, in run_build
    bld.compile()
  File "/home/patricia/Workspace/NIR/ns-allinone-3.29/ns-3.29/.waf3-2.0.9-897e824215d3dab2b64982d8af27db90/waflib/Build.py", line 176, in compile
    raise Errors.BuildError(self.producer.error)
waflib.Errors.BuildError: Build failed
 -> task in 'testprog' failed with exit status 1 (run with -v to display more information)

not found
from /home/patricia/Workspace/NIR/ns-allinone-3.29/ns-3.29/src/core: The configuration failed
------------------------------------------------------------------
Checking for header sys/types.h
==>
#include <sys/types.h>

int main(int argc, char **argv) {
	(void)argc; (void)argv;
	return 0;
}

<==
[1/2] Compiling [32mbuild/.conf_check_c6b697aef9601a7443ab693c5736e3e8/test.cpp[0m

['/usr/bin/g++', '-O0', '-ggdb', '-g3', '-Wall', '-Werror', '-std=c++11', '-Wno-parentheses', '-Wno-error=deprecated-declarations', '-DNS3_BUILD_PROFILE_DEBUG', '-DNS3_ASSERT_ENABLE', '-DNS3_LOG_ENABLE', '-DHAVE___UINT128_T=1', '-DINT64X64_USE_128=1', '-DHAVE_STDINT_H=1', '-DHAVE_INTTYPES_H=1', '../test.cpp', '-c', '-o/home/patricia/Workspace/NIR/ns-allinone-3.29/ns-3.29/build/.conf_check_c6b697aef9601a7443ab693c5736e3e8/testbuild/test.cpp.1.o']
[2/2] Linking [33mbuild/.conf_check_c6b697aef9601a7443ab693c5736e3e8/testbuild/testprog[0m

['/usr/bin/g++', 'test.cpp.1.o', '-o/home/patricia/Workspace/NIR/ns-allinone-3.29/ns-3.29/build/.conf_check_c6b697aef9601a7443ab693c5736e3e8/testbuild/testprog', '-Wl,-Bstatic', '-Wl,-Bdynamic']
yes
------------------------------------------------------------------
Checking for header sys/stat.h
==>
#include <sys/stat.h>

int main(int argc, char **argv) {
	(void)argc; (void)argv;
	return 0;
}

<==
[1/2] Compiling [32mbuild/.conf_check_331e9412ac3f46233af58b2cb974d76a/test.cpp[0m

['/usr/bin/g++', '-O0', '-ggdb', '-g3', '-Wall', '-Werror', '-std=c++11', '-Wno-parentheses', '-Wno-error=deprecated-declarations', '-DNS3_BUILD_PROFILE_DEBUG', '-DNS3_ASSERT_ENABLE', '-DNS3_LOG_ENABLE', '-DHAVE___UINT128_T=1', '-DINT64X64_USE_128=1', '-DHAVE_STDINT_H=1', '-DHAVE_INTTYPES_H=1', '-DHAVE_SYS_TYPES_H=1', '../test.cpp', '-c', '-o/home/patricia/Workspace/NIR/ns-allinone-3.29/ns-3.29/build/.conf_check_331e9412ac3f46233af58b2cb974d76a/testbuild/test.cpp.1.o']
[2/2] Linking [33mbuild/.conf_check_331e9412ac3f46233af58b2cb974d76a/testbuild/testprog[0m

['/usr/bin/g++', 'test.cpp.1.o', '-o/home/patricia/Workspace/NIR/ns-allinone-3.29/ns-3.29/build/.conf_check_331e9412ac3f46233af58b2cb974d76a/testbuild/testprog', '-Wl,-Bstatic', '-Wl,-Bdynamic']
yes
------------------------------------------------------------------
Checking for header dirent.h
==>
#include <dirent.h>

int main(int argc, char **argv) {
	(void)argc; (void)argv;
	return 0;
}

<==
[1/2] Compiling [32mbuild/.conf_check_ef6f357dbea09ddeda614fe8316870ec/test.cpp[0m

['/usr/bin/g++', '-O0', '-ggdb', '-g3', '-Wall', '-Werror', '-std=c++11', '-Wno-parentheses', '-Wno-error=deprecated-declarations', '-DNS3_BUILD_PROFILE_DEBUG', '-DNS3_ASSERT_ENABLE', '-DNS3_LOG_ENABLE', '-DHAVE___UINT128_T=1', '-DINT64X64_USE_128=1', '-DHAVE_STDINT_H=1', '-DHAVE_INTTYPES_H=1', '-DHAVE_SYS_TYPES_H=1', '-DHAVE_SYS_STAT_H=1', '../test.cpp', '-c', '-o/home/patricia/Workspace/NIR/ns-allinone-3.29/ns-3.29/build/.conf_check_ef6f357dbea09ddeda614fe8316870ec/testbuild/test.cpp.1.o']
[2/2] Linking [33mbuild/.conf_check_ef6f357dbea09ddeda614fe8316870ec/testbuild/testprog[0m

['/usr/bin/g++', 'test.cpp.1.o', '-o/home/patricia/Workspace/NIR/ns-allinone-3.29/ns-3.29/build/.conf_check_ef6f357dbea09ddeda614fe8316870ec/testbuild/testprog', '-Wl,-Bstatic', '-Wl,-Bdynamic']
yes
------------------------------------------------------------------
Checking for header stdlib.h
==>
#include <stdlib.h>

int main(int argc, char **argv) {
	(void)argc; (void)argv;
	return 0;
}

<==
[1/2] Compiling [32mbuild/.conf_check_a1ef1a0fbc3295e8a32645b38fdbc996/test.cpp[0m

['/usr/bin/g++', '-O0', '-ggdb', '-g3', '-Wall', '-Werror', '-std=c++11', '-Wno-parentheses', '-Wno-error=deprecated-declarations', '-DNS3_BUILD_PROFILE_DEBUG', '-DNS3_ASSERT_ENABLE', '-DNS3_LOG_ENABLE', '-DHAVE___UINT128_T=1', '-DINT64X64_USE_128=1', '-DHAVE_STDINT_H=1', '-DHAVE_INTTYPES_H=1', '-DHAVE_SYS_TYPES_H=1', '-DHAVE_SYS_STAT_H=1', '-DHAVE_DIRENT_H=1', '../test.cpp', '-c', '-o/home/patricia/Workspace/NIR/ns-allinone-3.29/ns-3.29/build/.conf_check_a1ef1a0fbc3295e8a32645b38fdbc996/testbuild/test.cpp.1.o']
[2/2] Linking [33mbuild/.conf_check_a1ef1a0fbc3295e8a32645b38fdbc996/testbuild/testprog[0m

['/usr/bin/g++', 'test.cpp.1.o', '-o/home/patricia/Workspace/NIR/ns-allinone-3.29/ns-3.29/build/.conf_check_a1ef1a0fbc3295e8a32645b38fdbc996/testbuild/testprog', '-Wl,-Bstatic', '-Wl,-Bdynamic']
yes
------------------------------------------------------------------
Checking for header signal.h
==>
#include <signal.h>

int main(int argc, char **argv) {
	(void)argc; (void)argv;
	return 0;
}

<==
[1/2] Compiling [32mbuild/.conf_check_3abad29a214ca8b362523c195417e22b/test.cpp[0m

['/usr/bin/g++', '-O0', '-ggdb', '-g3', '-Wall', '-Werror', '-std=c++11', '-Wno-parentheses', '-Wno-error=deprecated-declarations', '-DNS3_BUILD_PROFILE_DEBUG', '-DNS3_ASSERT_ENABLE', '-DNS3_LOG_ENABLE', '-DHAVE___UINT128_T=1', '-DINT64X64_USE_128=1', '-DHAVE_STDINT_H=1', '-DHAVE_INTTYPES_H=1', '-DHAVE_SYS_TYPES_H=1', '-DHAVE_SYS_STAT_H=1', '-DHAVE_DIRENT_H=1', '-DHAVE_STDLIB_H=1', '-DHAVE_GETENV=1', '../test.cpp', '-c', '-o/home/patricia/Workspace/NIR/ns-allinone-3.29/ns-3.29/build/.conf_check_3abad29a214ca8b362523c195417e22b/testbuild/test.cpp.1.o']
[2/2] Linking [33mbuild/.conf_check_3abad29a214ca8b362523c195417e22b/testbuild/testprog[0m

['/usr/bin/g++', 'test.cpp.1.o', '-o/home/patricia/Workspace/NIR/ns-allinone-3.29/ns-3.29/build/.conf_check_3abad29a214ca8b362523c195417e22b/testbuild/testprog', '-Wl,-Bstatic', '-Wl,-Bdynamic']
yes
------------------------------------------------------------------
Checking for header pthread.h
==>

#include <pthread.h>
int main ()
{
   pthread_mutex_t m;
   pthread_mutex_init (&m, NULL);
   return 0;
}

<==
[1/2] Compiling [32mbuild/.conf_check_3cfc6591d1ce02deca5ced65650d28e1/test.cpp[0m

['/usr/bin/g++', '-O0', '-ggdb', '-g3', '-Wall', '-Werror', '-std=c++11', '-Wno-parentheses', '-Wno-error=deprecated-declarations', '-pthread', '-DNS3_BUILD_PROFILE_DEBUG', '-DNS3_ASSERT_ENABLE', '-DNS3_LOG_ENABLE', '-DHAVE___UINT128_T=1', '-DINT64X64_USE_128=1', '-DHAVE_STDINT_H=1', '-DHAVE_INTTYPES_H=1', '-DHAVE_SYS_TYPES_H=1', '-DHAVE_SYS_STAT_H=1', '-DHAVE_DIRENT_H=1', '-DHAVE_STDLIB_H=1', '-DHAVE_GETENV=1', '-DHAVE_SIGNAL_H=1', '../test.cpp', '-c', '-o/home/patricia/Workspace/NIR/ns-allinone-3.29/ns-3.29/build/.conf_check_3cfc6591d1ce02deca5ced65650d28e1/testbuild/test.cpp.1.o']
[2/2] Linking [33mbuild/.conf_check_3cfc6591d1ce02deca5ced65650d28e1/testbuild/testprog[0m

['/usr/bin/g++', '-pthread', 'test.cpp.1.o', '-o/home/patricia/Workspace/NIR/ns-allinone-3.29/ns-3.29/build/.conf_check_3cfc6591d1ce02deca5ced65650d28e1/testbuild/testprog', '-Wl,-Bstatic', '-Wl,-Bdynamic']
yes
------------------------------------------------------------------
Checking for header stdint.h
==>
#include <stdint.h>

int main(int argc, char **argv) {
	(void)argc; (void)argv;
	return 0;
}

<==
[1/2] Compiling [32mbuild/.conf_check_0cc27327621d6a8f6836bb95284106f1/test.cpp[0m

['/usr/bin/g++', '-O0', '-ggdb', '-g3', '-Wall', '-Werror', '-std=c++11', '-Wno-parentheses', '-Wno-error=deprecated-declarations', '-DNS3_BUILD_PROFILE_DEBUG', '-DNS3_ASSERT_ENABLE', '-DNS3_LOG_ENABLE', '-DHAVE___UINT128_T=1', '-DINT64X64_USE_128=1', '-DHAVE_INTTYPES_H=1', '-DHAVE_SYS_TYPES_H=1', '-DHAVE_SYS_STAT_H=1', '-DHAVE_DIRENT_H=1', '-DHAVE_STDLIB_H=1', '-DHAVE_GETENV=1', '-DHAVE_SIGNAL_H=1', '-DHAVE_PTHREAD_H=1', '../test.cpp', '-c', '-o/home/patricia/Workspace/NIR/ns-allinone-3.29/ns-3.29/build/.conf_check_0cc27327621d6a8f6836bb95284106f1/testbuild/test.cpp.1.o']
[2/2] Linking [33mbuild/.conf_check_0cc27327621d6a8f6836bb95284106f1/testbuild/testprog[0m

['/usr/bin/g++', 'test.cpp.1.o', '-o/home/patricia/Workspace/NIR/ns-allinone-3.29/ns-3.29/build/.conf_check_0cc27327621d6a8f6836bb95284106f1/testbuild/testprog', '-Wl,-Bstatic', '-Wl,-Bdynamic']
yes
------------------------------------------------------------------
Checking for header inttypes.h
==>
#include <inttypes.h>

int main(int argc, char **argv) {
	(void)argc; (void)argv;
	return 0;
}

<==
[1/2] Compiling [32mbuild/.conf_check_8aa3e9fd613eb61a0749b51e4e78e1af/test.cpp[0m

['/usr/bin/g++', '-O0', '-ggdb', '-g3', '-Wall', '-Werror', '-std=c++11', '-Wno-parentheses', '-Wno-error=deprecated-declarations', '-DNS3_BUILD_PROFILE_DEBUG', '-DNS3_ASSERT_ENABLE', '-DNS3_LOG_ENABLE', '-DHAVE___UINT128_T=1', '-DINT64X64_USE_128=1', '-DHAVE_SYS_TYPES_H=1', '-DHAVE_SYS_STAT_H=1', '-DHAVE_DIRENT_H=1', '-DHAVE_STDLIB_H=1', '-DHAVE_GETENV=1', '-DHAVE_SIGNAL_H=1', '-DHAVE_PTHREAD_H=1', '-DHAVE_STDINT_H=1', '../test.cpp', '-c', '-o/home/patricia/Workspace/NIR/ns-allinone-3.29/ns-3.29/build/.conf_check_8aa3e9fd613eb61a0749b51e4e78e1af/testbuild/test.cpp.1.o']
[2/2] Linking [33mbuild/.conf_check_8aa3e9fd613eb61a0749b51e4e78e1af/testbuild/testprog[0m

['/usr/bin/g++', 'test.cpp.1.o', '-o/home/patricia/Workspace/NIR/ns-allinone-3.29/ns-3.29/build/.conf_check_8aa3e9fd613eb61a0749b51e4e78e1af/testbuild/testprog', '-Wl,-Bstatic', '-Wl,-Bdynamic']
yes
------------------------------------------------------------------
Checking for header sys/inttypes.h
==>
#include <sys/inttypes.h>

int main(int argc, char **argv) {
	(void)argc; (void)argv;
	return 0;
}

<==
[1/2] Compiling [32mbuild/.conf_check_07890bc5889fcc51ef4b74510feb3d47/test.cpp[0m

['/usr/bin/g++', '-O0', '-ggdb', '-g3', '-Wall', '-Werror', '-std=c++11', '-Wno-parentheses', '-Wno-error=deprecated-declarations', '-DNS3_BUILD_PROFILE_DEBUG', '-DNS3_ASSERT_ENABLE', '-DNS3_LOG_ENABLE', '-DHAVE___UINT128_T=1', '-DINT64X64_USE_128=1', '-DHAVE_SYS_TYPES_H=1', '-DHAVE_SYS_STAT_H=1', '-DHAVE_DIRENT_H=1', '-DHAVE_STDLIB_H=1', '-DHAVE_GETENV=1', '-DHAVE_SIGNAL_H=1', '-DHAVE_PTHREAD_H=1', '-DHAVE_STDINT_H=1', '-DHAVE_INTTYPES_H=1', '../test.cpp', '-c', '-o/home/patricia/Workspace/NIR/ns-allinone-3.29/ns-3.29/build/.conf_check_07890bc5889fcc51ef4b74510feb3d47/testbuild/test.cpp.1.o']
err: ../test.cpp:1:10: Ñ„Ð°Ñ‚Ð°Ð»ÑŒÐ½Ð°Ñ Ð¾ÑˆÐ¸Ð±ÐºÐ°: sys/inttypes.h: ÐÐµÑ‚ Ñ‚Ð°ÐºÐ¾Ð³Ð¾ Ñ„Ð°Ð¹Ð»Ð° Ð¸Ð»Ð¸ ÐºÐ°Ñ‚Ð°Ð»Ð¾Ð³Ð°
    1 | #include <sys/inttypes.h>
      |          ^~~~~~~~~~~~~~~~
ÐºÐ¾Ð¼Ð¿Ð¸Ð»ÑÑ†Ð¸Ñ Ð¿Ñ€ÐµÑ€Ð²Ð°Ð½Ð°.

from /home/patricia/Workspace/NIR/ns-allinone-3.29/ns-3.29/src/core: Test does not build: Traceback (most recent call last):
  File "/home/patricia/Workspace/NIR/ns-allinone-3.29/ns-3.29/.waf3-2.0.9-897e824215d3dab2b64982d8af27db90/waflib/Configure.py", line 324, in run_build
    bld.compile()
  File "/home/patricia/Workspace/NIR/ns-allinone-3.29/ns-3.29/.waf3-2.0.9-897e824215d3dab2b64982d8af27db90/waflib/Build.py", line 176, in compile
    raise Errors.BuildError(self.producer.error)
waflib.Errors.BuildError: Build failed
 -> task in 'testprog' failed with exit status 1 (run with -v to display more information)

not found
from /home/patricia/Workspace/NIR/ns-allinone-3.29/ns-3.29/src/core: The configuration failed
------------------------------------------------------------------
Checking for library rt
==>

int main(int argc, char **argv) {
	(void)argc; (void)argv;
	return 0;
}

<==
[1/2] Compiling [32mbuild/.conf_check_34381c74c781517c0252595906e47e24/test.cpp[0m

['/usr/bin/g++', '-O0', '-ggdb', '-g3', '-Wall', '-Werror', '-std=c++11', '-Wno-parentheses', '-Wno-error=deprecated-declarations', '-pthread', '-DNS3_BUILD_PROFILE_DEBUG', '-DNS3_ASSERT_ENABLE', '-DNS3_LOG_ENABLE', '-DHAVE___UINT128_T=1', '-DINT64X64_USE_128=1', '-DHAVE_SYS_TYPES_H=1', '-DHAVE_SYS_STAT_H=1', '-DHAVE_DIRENT_H=1', '-DHAVE_STDLIB_H=1', '-DHAVE_GETENV=1', '-DHAVE_SIGNAL_H=1', '-DHAVE_PTHREAD_H=1', '-DHAVE_STDINT_H=1', '-DHAVE_INTTYPES_H=1', '../test.cpp', '-c', '-o/home/patricia/Workspace/NIR/ns-allinone-3.29/ns-3.29/build/.conf_check_34381c74c781517c0252595906e47e24/testbuild/test.cpp.1.o']
[2/2] Linking [33mbuild/.conf_check_34381c74c781517c0252595906e47e24/testbuild/testprog[0m

['/usr/bin/g++', '-pthread', 'test.cpp.1.o', '-o/home/patricia/Workspace/NIR/ns-allinone-3.29/ns-3.29/build/.conf_check_34381c74c781517c0252595906e47e24/testbuild/testprog', '-Wl,-Bstatic', '-Wl,-Bdynamic', '-lrt']
yes
------------------------------------------------------------------
Checking for header sys/ioctl.h
==>
#include <sys/ioctl.h>

int main(int argc, char **argv) {
	(void)argc; (void)argv;
	return 0;
}

<==
[1/2] Compiling [32mbuild/.conf_check_6fc43a03f04908e4ce38c131253f172a/test.cpp[0m

['/usr/bin/g++', '-O0', '-ggdb', '-g3', '-Wall', '-Werror', '-std=c++11', '-Wno-parentheses', '-Wno-error=deprecated-declarations', '-DNS3_BUILD_PROFILE_DEBUG', '-DNS3_ASSERT_ENABLE', '-DNS3_LOG_ENABLE', '../test.cpp', '-c', '-o/home/patricia/Workspace/NIR/ns-allinone-3.29/ns-3.29/build/.conf_check_6fc43a03f04908e4ce38c131253f172a/testbuild/test.cpp.1.o']
[2/2] Linking [33mbuild/.conf_check_6fc43a03f04908e4ce38c131253f172a/testbuild/testprog[0m

['/usr/bin/g++', 'test.cpp.1.o', '-o/home/patricia/Workspace/NIR/ns-allinone-3.29/ns-3.29/build/.conf_check_6fc43a03f04908e4ce38c131253f172a/testbuild/testprog', '-Wl,-Bstatic', '-Wl,-Bdynamic']
yes
------------------------------------------------------------------
Checking for header net/if.h
==>
#include <net/if.h>

int main(int argc, char **argv) {
	(void)argc; (void)argv;
	return 0;
}

<==
[1/2] Compiling [32mbuild/.conf_check_7faf9a8f7baab10905ce7c7341c35d8c/test.cpp[0m

['/usr/bin/g++', '-O0', '-ggdb', '-g3', '-Wall', '-Werror', '-std=c++11', '-Wno-parentheses', '-Wno-error=deprecated-declarations', '-DNS3_BUILD_PROFILE_DEBUG', '-DNS3_ASSERT_ENABLE', '-DNS3_LOG_ENABLE', '-DHAVE_SYS_IOCTL_H=1', '../test.cpp', '-c', '-o/home/patricia/Workspace/NIR/ns-allinone-3.29/ns-3.29/build/.conf_check_7faf9a8f7baab10905ce7c7341c35d8c/testbuild/test.cpp.1.o']
[2/2] Linking [33mbuild/.conf_check_7faf9a8f7baab10905ce7c7341c35d8c/testbuild/testprog[0m

['/usr/bin/g++', 'test.cpp.1.o', '-o/home/patricia/Workspace/NIR/ns-allinone-3.29/ns-3.29/build/.conf_check_7faf9a8f7baab10905ce7c7341c35d8c/testbuild/testprog', '-Wl,-Bstatic', '-Wl,-Bdynamic']
yes
------------------------------------------------------------------
Checking for header net/ethernet.h
==>
#include <net/ethernet.h>

int main(int argc, char **argv) {
	(void)argc; (void)argv;
	return 0;
}

<==
[1/2] Compiling [32mbuild/.conf_check_d7887f49562737e79f889813d6af1004/test.cpp[0m

['/usr/bin/g++', '-O0', '-ggdb', '-g3', '-Wall', '-Werror', '-std=c++11', '-Wno-parentheses', '-Wno-error=deprecated-declarations', '-DNS3_BUILD_PROFILE_DEBUG', '-DNS3_ASSERT_ENABLE', '-DNS3_LOG_ENABLE', '-DHAVE_SYS_IOCTL_H=1', '-DHAVE_IF_NETS_H=1', '../test.cpp', '-c', '-o/home/patricia/Workspace/NIR/ns-allinone-3.29/ns-3.29/build/.conf_check_d7887f49562737e79f889813d6af1004/testbuild/test.cpp.1.o']
[2/2] Linking [33mbuild/.conf_check_d7887f49562737e79f889813d6af1004/testbuild/testprog[0m

['/usr/bin/g++', 'test.cpp.1.o', '-o/home/patricia/Workspace/NIR/ns-allinone-3.29/ns-3.29/build/.conf_check_d7887f49562737e79f889813d6af1004/testbuild/testprog', '-Wl,-Bstatic', '-Wl,-Bdynamic']
yes
------------------------------------------------------------------
Checking for header linux/if_tun.h
==>
#include <linux/if_tun.h>

int main(int argc, char **argv) {
	(void)argc; (void)argv;
	return 0;
}

<==
[1/2] Compiling [32mbuild/.conf_check_29aef8dc61381f85332c9e88b86be69f/test.cpp[0m

['/usr/bin/g++', '-O0', '-ggdb', '-g3', '-Wall', '-Werror', '-std=c++11', '-Wno-parentheses', '-Wno-error=deprecated-declarations', '-DNS3_BUILD_PROFILE_DEBUG', '-DNS3_ASSERT_ENABLE', '-DNS3_LOG_ENABLE', '-DHAVE_SYS_IOCTL_H=1', '-DHAVE_IF_NETS_H=1', '-DHAVE_NET_ETHERNET_H=1', '../test.cpp', '-c', '-o/home/patricia/Workspace/NIR/ns-allinone-3.29/ns-3.29/build/.conf_check_29aef8dc61381f85332c9e88b86be69f/testbuild/test.cpp.1.o']
[2/2] Linking [33mbuild/.conf_check_29aef8dc61381f85332c9e88b86be69f/testbuild/testprog[0m

['/usr/bin/g++', 'test.cpp.1.o', '-o/home/patricia/Workspace/NIR/ns-allinone-3.29/ns-3.29/build/.conf_check_29aef8dc61381f85332c9e88b86be69f/testbuild/testprog', '-Wl,-Bstatic', '-Wl,-Bdynamic']
yes
------------------------------------------------------------------
Checking for header netpacket/packet.h
==>
#include <netpacket/packet.h>

int main(int argc, char **argv) {
	(void)argc; (void)argv;
	return 0;
}

<==
[1/2] Compiling [32mbuild/.conf_check_113ad985fe623a51943b6eb67260ad0c/test.cpp[0m

['/usr/bin/g++', '-O0', '-ggdb', '-g3', '-Wall', '-Werror', '-std=c++11', '-Wno-parentheses', '-Wno-error=deprecated-declarations', '-DNS3_BUILD_PROFILE_DEBUG', '-DNS3_ASSERT_ENABLE', '-DNS3_LOG_ENABLE', '-DHAVE_SYS_IOCTL_H=1', '-DHAVE_IF_NETS_H=1', '-DHAVE_NET_ETHERNET_H=1', '-DHAVE_IF_TUN_H=1', '../test.cpp', '-c', '-o/home/patricia/Workspace/NIR/ns-allinone-3.29/ns-3.29/build/.conf_check_113ad985fe623a51943b6eb67260ad0c/testbuild/test.cpp.1.o']
[2/2] Linking [33mbuild/.conf_check_113ad985fe623a51943b6eb67260ad0c/testbuild/testprog[0m

['/usr/bin/g++', 'test.cpp.1.o', '-o/home/patricia/Workspace/NIR/ns-allinone-3.29/ns-3.29/build/.conf_check_113ad985fe623a51943b6eb67260ad0c/testbuild/testprog', '-Wl,-Bstatic', '-Wl,-Bdynamic']
yes
------------------------------------------------------------------
Checking for NSC location
not found
------------------------------------------------------------------
Checking for library zmq
==>

int main(int argc, char **argv) {
	(void)argc; (void)argv;
	return 0;
}

<==
[1/2] Compiling [32mbuild/.conf_check_4a2c67f8ca8b801d36908303c4b4cdb2/test.cpp[0m

['/usr/bin/g++', '-O0', '-ggdb', '-g3', '-Wall', '-Werror', '-std=c++11', '-Wno-parentheses', '-Wno-error=deprecated-declarations', '-DNS3_BUILD_PROFILE_DEBUG', '-DNS3_ASSERT_ENABLE', '-DNS3_LOG_ENABLE', '-DHAVE_SYS_IOCTL_H=1', '-DHAVE_IF_NETS_H=1', '-DHAVE_NET_ETHERNET_H=1', '-DHAVE_IF_TUN_H=1', '-DHAVE_PACKET_H=1', '../test.cpp', '-c', '-o/home/patricia/Workspace/NIR/ns-allinone-3.29/ns-3.29/build/.conf_check_4a2c67f8ca8b801d36908303c4b4cdb2/testbuild/test.cpp.1.o']
[2/2] Linking [33mbuild/.conf_check_4a2c67f8ca8b801d36908303c4b4cdb2/testbuild/testprog[0m

['/usr/bin/g++', 'test.cpp.1.o', '-o/home/patricia/Workspace/NIR/ns-allinone-3.29/ns-3.29/build/.conf_check_4a2c67f8ca8b801d36908303c4b4cdb2/testbuild/testprog', '-Wl,-Bstatic', '-Wl,-Bdynamic', '-lzmq']
yes
------------------------------------------------------------------
Checking for library protobuf
==>

int main(int argc, char **argv) {
	(void)argc; (void)argv;
	return 0;
}

<==
[1/2] Compiling [32mbuild/.conf_check_2649d8635d804230ec85cdf790250c51/test.cpp[0m

['/usr/bin/g++', '-O0', '-ggdb', '-g3', '-Wall', '-Werror', '-std=c++11', '-Wno-parentheses', '-Wno-error=deprecated-declarations', '-DNS3_BUILD_PROFILE_DEBUG', '-DNS3_ASSERT_ENABLE', '-DNS3_LOG_ENABLE', '-DHAVE_SYS_IOCTL_H=1', '-DHAVE_IF_NETS_H=1', '-DHAVE_NET_ETHERNET_H=1', '-DHAVE_IF_TUN_H=1', '-DHAVE_PACKET_H=1', '-DHAVE_ZMQ=1', '../test.cpp', '-c', '-o/home/patricia/Workspace/NIR/ns-allinone-3.29/ns-3.29/build/.conf_check_2649d8635d804230ec85cdf790250c51/testbuild/test.cpp.1.o']
[2/2] Linking [33mbuild/.conf_check_2649d8635d804230ec85cdf790250c51/testbuild/testprog[0m

['/usr/bin/g++', 'test.cpp.1.o', '-o/home/patricia/Workspace/NIR/ns-allinone-3.29/ns-3.29/build/.conf_check_2649d8635d804230ec85cdf790250c51/testbuild/testprog', '-Wl,-Bstatic', '-Wl,-Bdynamic', '-lprotobuf']
yes
------------------------------------------------------------------
Checking for program 'protoc'
/usr/bin/protoc
find program=['protoc'] paths=['/home/patricia/anaconda3/bin', '/opt/anaconda/bin', '/home/patricia/.local/bin', '/usr/local/bin', '/usr/bin', '/bin', '/usr/local/sbin', '/usr/lib/jvm/default/bin', '/usr/bin/site_perl', '/usr/bin/vendor_perl', '/usr/bin/core_perl', '/var/lib/snapd/snap/bin'] var='PROTOC' -> ['/usr/bin/protoc']
------------------------------------------------------------------
Checking for protoc version
3.17.3
------------------------------------------------------------------
Build ns3gym Protobuf C++ messages
Done
------------------------------------------------------------------
Build ns3gym Protobuf Python messages
Done
------------------------------------------------------------------
Checking for 'sqlite3'
['/usr/bin/pkg-config', '--cflags', '--libs', 'sqlite3']
out: -lsqlite3 

yes
------------------------------------------------------------------
Checking for header linux/if_tun.h
==>
#include <linux/if_tun.h>

int main(int argc, char **argv) {
	(void)argc; (void)argv;
	return 0;
}

<==
[1/2] Compiling [32mbuild/.conf_check_29aef8dc61381f85332c9e88b86be69f/test.cpp[0m

['/usr/bin/g++', '-O0', '-ggdb', '-g3', '-Wall', '-Werror', '-std=c++11', '-Wno-parentheses', '-Wno-error=deprecated-declarations', '-DNS3_BUILD_PROFILE_DEBUG', '-DNS3_ASSERT_ENABLE', '-DNS3_LOG_ENABLE', '-DHAVE_SYS_IOCTL_H=1', '-DHAVE_IF_NETS_H=1', '-DHAVE_NET_ETHERNET_H=1', '-DHAVE_PACKET_H=1', '-DHAVE_ZMQ=1', '-DHAVE_PROTOBUF=1', '-DHAVE_SQLITE3=1', '../test.cpp', '-c', '-o/home/patricia/Workspace/NIR/ns-allinone-3.29/ns-3.29/build/.conf_check_29aef8dc61381f85332c9e88b86be69f/testbuild/test.cpp.1.o']
[2/2] Linking [33mbuild/.conf_check_29aef8dc61381f85332c9e88b86be69f/testbuild/testprog[0m

['/usr/bin/g++', '-lzmq', '-lprotobuf', 'test.cpp.1.o', '-o/home/patricia/Workspace/NIR/ns-allinone-3.29/ns-3.29/build/.conf_check_29aef8dc61381f85332c9e88b86be69f/testbuild/testprog', '-Wl,-Bstatic', '-Wl,-Bdynamic', '-lzmq', '-lprotobuf']
yes
------------------------------------------------------------------
Checking for program 'sudo'
/usr/bin/sudo
find program=['sudo'] paths=['/home/patricia/anaconda3/bin', '/opt/anaconda/bin', '/home/patricia/.local/bin', '/usr/local/bin', '/usr/bin', '/bin', '/usr/local/sbin', '/usr/lib/jvm/default/bin', '/usr/bin/site_perl', '/usr/bin/vendor_perl', '/usr/bin/core_perl', '/var/lib/snapd/snap/bin'] var='SUDO' -> ['/usr/bin/sudo']
------------------------------------------------------------------
Checking for program 'valgrind'
/usr/bin/valgrind
find program=['valgrind'] paths=['/home/patricia/anaconda3/bin', '/opt/anaconda/bin', '/home/patricia/.local/bin', '/usr/local/bin', '/usr/bin', '/bin', '/usr/local/sbin', '/usr/lib/jvm/default/bin', '/usr/bin/site_perl', '/usr/bin/vendor_perl', '/usr/bin/core_perl', '/var/lib/snapd/snap/bin'] var='VALGRIND' -> ['/usr/bin/valgrind']
------------------------------------------------------------------
Checking for 'gsl'
['/usr/bin/pkg-config', '--cflags', '--libs', 'gsl']
err: Package gsl was not found in the pkg-config search path.
Perhaps you should add the directory containing `gsl.pc'
to the PKG_CONFIG_PATH environment variable
Package 'gsl', required by 'virtual:world', not found

not found
from /home/patricia/Workspace/NIR/ns-allinone-3.29/ns-3.29: The configuration failed
------------------------------------------------------------------
python-config
/usr/bin/libgcrypt-config
find program=['libgcrypt-config'] paths=['/home/patricia/anaconda3/bin', '/opt/anaconda/bin', '/home/patricia/.local/bin', '/usr/local/bin', '/usr/bin', '/bin', '/usr/local/sbin', '/usr/lib/jvm/default/bin', '/usr/bin/site_perl', '/usr/bin/vendor_perl', '/usr/bin/core_perl', '/var/lib/snapd/snap/bin'] var='LIBGCRYPT_CONFIG' -> ['/usr/bin/libgcrypt-config']
------------------------------------------------------------------
Checking for libgcrypt
['/usr/bin/libgcrypt-config', '--cflags', '--libs']
out: 
-lgcrypt -lgpg-error

yes
------------------------------------------------------------------
Checking for compilation flag -fstrict-aliasing support
==>
int main() { return 0; }
<==
[1/1] Compiling [32mbuild/.conf_check_78c47059e3c196ba01ac2d97b399acc1/test.cpp[0m

['/usr/bin/g++', '-O0', '-ggdb', '-g3', '-Wall', '-Werror', '-std=c++11', '-Wno-parentheses', '-Wno-error=deprecated-declarations', '-fstrict-aliasing', '-DNS3_BUILD_PROFILE_DEBUG', '-DNS3_ASSERT_ENABLE', '-DNS3_LOG_ENABLE', '-DHAVE_SYS_IOCTL_H=1', '-DHAVE_IF_NETS_H=1', '-DHAVE_NET_ETHERNET_H=1', '-DHAVE_PACKET_H=1', '-DHAVE_ZMQ=1', '-DHAVE_PROTOBUF=1', '-DHAVE_SQLITE3=1', '-DHAVE_IF_TUN_H=1', '-DHAVE_CRYPTO=1', '../test.cpp', '-c', '-o/home/patricia/Workspace/NIR/ns-allinone-3.29/ns-3.29/build/.conf_check_78c47059e3c196ba01ac2d97b399acc1/testbuild/test.cpp.1.o']
ok
------------------------------------------------------------------
Checking for compilation flag -fstrict-aliasing support
==>
int main() { return 0; }
<==
[1/1] Compiling [32mbuild/.conf_check_bec1c8f022fbf62a82647155cfdfefae/test.c[0m

['/usr/bin/gcc', '-fstrict-aliasing', '-DNS3_BUILD_PROFILE_DEBUG', '-DNS3_ASSERT_ENABLE', '-DNS3_LOG_ENABLE', '-DHAVE_SYS_IOCTL_H=1', '-DHAVE_IF_NETS_H=1', '-DHAVE_NET_ETHERNET_H=1', '-DHAVE_PACKET_H=1', '-DHAVE_ZMQ=1', '-DHAVE_PROTOBUF=1', '-DHAVE_SQLITE3=1', '-DHAVE_IF_TUN_H=1', '-DHAVE_CRYPTO=1', '../test.c', '-c', '-o/home/patricia/Workspace/NIR/ns-allinone-3.29/ns-3.29/build/.conf_check_bec1c8f022fbf62a82647155cfdfefae/testbuild/test.c.1.o']
ok
------------------------------------------------------------------
Checking for compilation flag -Wstrict-aliasing support
==>
int main() { return 0; }
<==
[1/1] Compiling [32mbuild/.conf_check_78c47059e3c196ba01ac2d97b399acc1/test.cpp[0m

['/usr/bin/g++', '-O0', '-ggdb', '-g3', '-Wall', '-Werror', '-std=c++11', '-Wno-parentheses', '-Wno-error=deprecated-declarations', '-fstrict-aliasing', '-Wstrict-aliasing', '-DNS3_BUILD_PROFILE_DEBUG', '-DNS3_ASSERT_ENABLE', '-DNS3_LOG_ENABLE', '-DHAVE_SYS_IOCTL_H=1', '-DHAVE_IF_NETS_H=1', '-DHAVE_NET_ETHERNET_H=1', '-DHAVE_PACKET_H=1', '-DHAVE_ZMQ=1', '-DHAVE_PROTOBUF=1', '-DHAVE_SQLITE3=1', '-DHAVE_IF_TUN_H=1', '-DHAVE_CRYPTO=1', '../test.cpp', '-c', '-o/home/patricia/Workspace/NIR/ns-allinone-3.29/ns-3.29/build/.conf_check_78c47059e3c196ba01ac2d97b399acc1/testbuild/test.cpp.1.o']
ok
------------------------------------------------------------------
Checking for compilation flag -Wstrict-aliasing support
==>
int main() { return 0; }
<==
[1/1] Compiling [32mbuild/.conf_check_bec1c8f022fbf62a82647155cfdfefae/test.c[0m

['/usr/bin/gcc', '-Wstrict-aliasing', '-DNS3_BUILD_PROFILE_DEBUG', '-DNS3_ASSERT_ENABLE', '-DNS3_LOG_ENABLE', '-DHAVE_SYS_IOCTL_H=1', '-DHAVE_IF_NETS_H=1', '-DHAVE_NET_ETHERNET_H=1', '-DHAVE_PACKET_H=1', '-DHAVE_ZMQ=1', '-DHAVE_PROTOBUF=1', '-DHAVE_SQLITE3=1', '-DHAVE_IF_TUN_H=1', '-DHAVE_CRYPTO=1', '../test.c', '-c', '-o/home/patricia/Workspace/NIR/ns-allinone-3.29/ns-3.29/build/.conf_check_bec1c8f022fbf62a82647155cfdfefae/testbuild/test.c.1.o']
ok
------------------------------------------------------------------
Checking for program 'doxygen'
/usr/bin/doxygen
find program=['doxygen'] paths=['/home/patricia/anaconda3/bin', '/opt/anaconda/bin', '/home/patricia/.local/bin', '/usr/local/bin', '/usr/bin', '/bin', '/usr/local/sbin', '/usr/lib/jvm/default/bin', '/usr/bin/site_perl', '/usr/bin/vendor_perl', '/usr/bin/core_perl', '/var/lib/snapd/snap/bin'] var='DOXYGEN' -> ['/usr/bin/doxygen']
